<?xml version="1.0" encoding="UTF-8"?>
<coverage generated="1747536607090" clover="3.2.0">
  <project timestamp="1747536607090" name="All files">
    <metrics statements="474" coveredstatements="33" conditionals="741" coveredconditionals="32" methods="113" coveredmethods="6" elements="1328" coveredelements="71" complexity="0" loc="474" ncloc="474" packages="17" files="42" classes="42"/>
    <package name="components">
      <metrics statements="0" coveredstatements="0" conditionals="0" coveredconditionals="0" methods="0" coveredmethods="0"/>
      <file name="index.ts" path="/Users/me-mac/Downloads/t-design-system/tagaddod-design-system/packages/react/src/components/index.ts">
        <metrics statements="0" coveredstatements="0" conditionals="0" coveredconditionals="0" methods="0" coveredmethods="0"/>
      </file>
    </package>
    <package name="components.AspectRatio">
      <metrics statements="29" coveredstatements="0" conditionals="21" coveredconditionals="0" methods="5" coveredmethods="0"/>
      <file name="AspectRatio.tsx" path="/Users/me-mac/Downloads/t-design-system/tagaddod-design-system/packages/react/src/components/AspectRatio/AspectRatio.tsx">
        <metrics statements="29" coveredstatements="0" conditionals="21" coveredconditionals="0" methods="5" coveredmethods="0"/>
        <line num="26" count="0" type="stmt"/>
        <line num="27" count="0" type="cond" truecount="0" falsecount="2"/>
        <line num="28" count="0" type="stmt"/>
        <line num="31" count="0" type="stmt"/>
        <line num="38" count="0" type="stmt"/>
        <line num="39" count="0" type="stmt"/>
        <line num="42" count="0" type="cond" truecount="0" falsecount="2"/>
        <line num="52" count="0" type="stmt"/>
        <line num="54" count="0" type="cond" truecount="0" falsecount="4"/>
        <line num="57" count="0" type="stmt"/>
        <line num="58" count="0" type="stmt"/>
        <line num="61" count="0" type="stmt"/>
        <line num="62" count="0" type="cond" truecount="0" falsecount="2"/>
        <line num="63" count="0" type="stmt"/>
        <line num="64" count="0" type="stmt"/>
        <line num="65" count="0" type="stmt"/>
        <line num="66" count="0" type="stmt"/>
        <line num="67" count="0" type="stmt"/>
        <line num="71" count="0" type="stmt"/>
        <line num="72" count="0" type="cond" truecount="0" falsecount="2"/>
        <line num="73" count="0" type="stmt"/>
        <line num="79" count="0" type="stmt"/>
        <line num="80" count="0" type="stmt"/>
        <line num="83" count="0" type="cond" truecount="0" falsecount="2"/>
        <line num="84" count="0" type="cond" truecount="0" falsecount="2"/>
        <line num="85" count="0" type="stmt"/>
        <line num="88" count="0" type="stmt"/>
        <line num="93" count="0" type="stmt"/>
        <line num="105" count="0" type="stmt"/>
      </file>
      <file name="index.ts" path="/Users/me-mac/Downloads/t-design-system/tagaddod-design-system/packages/react/src/components/AspectRatio/index.ts">
        <metrics statements="0" coveredstatements="0" conditionals="0" coveredconditionals="0" methods="0" coveredmethods="0"/>
      </file>
    </package>
    <package name="components.Avatar">
      <metrics statements="9" coveredstatements="0" conditionals="20" coveredconditionals="0" methods="2" coveredmethods="0"/>
      <file name="Avatar.tsx" path="/Users/me-mac/Downloads/t-design-system/tagaddod-design-system/packages/react/src/components/Avatar/Avatar.tsx">
        <metrics statements="9" coveredstatements="0" conditionals="20" coveredconditionals="0" methods="2" coveredmethods="0"/>
        <line num="51" count="0" type="stmt"/>
        <line num="52" count="0" type="stmt"/>
        <line num="54" count="0" type="stmt"/>
        <line num="64" count="0" type="cond" truecount="0" falsecount="2"/>
        <line num="67" count="0" type="stmt"/>
        <line num="72" count="0" type="cond" truecount="0" falsecount="2"/>
        <line num="75" count="0" type="stmt"/>
        <line num="81" count="0" type="stmt"/>
        <line num="109" count="0" type="stmt"/>
      </file>
      <file name="index.ts" path="/Users/me-mac/Downloads/t-design-system/tagaddod-design-system/packages/react/src/components/Avatar/index.ts">
        <metrics statements="0" coveredstatements="0" conditionals="0" coveredconditionals="0" methods="0" coveredmethods="0"/>
      </file>
    </package>
    <package name="components.Badge">
      <metrics statements="6" coveredstatements="0" conditionals="11" coveredconditionals="0" methods="1" coveredmethods="0"/>
      <file name="Badge.tsx" path="/Users/me-mac/Downloads/t-design-system/tagaddod-design-system/packages/react/src/components/Badge/Badge.tsx">
        <metrics statements="6" coveredstatements="0" conditionals="11" coveredconditionals="0" methods="1" coveredmethods="0"/>
        <line num="5" count="0" type="stmt"/>
        <line num="8" count="0" type="stmt"/>
        <line num="41" count="0" type="stmt"/>
        <line num="51" count="0" type="cond" truecount="0" falsecount="2"/>
        <line num="54" count="0" type="stmt"/>
        <line num="58" count="0" type="stmt"/>
      </file>
      <file name="index.ts" path="/Users/me-mac/Downloads/t-design-system/tagaddod-design-system/packages/react/src/components/Badge/index.ts">
        <metrics statements="0" coveredstatements="0" conditionals="0" coveredconditionals="0" methods="0" coveredmethods="0"/>
      </file>
    </package>
    <package name="components.Button">
      <metrics statements="15" coveredstatements="0" conditionals="36" coveredconditionals="0" methods="2" coveredmethods="0"/>
      <file name="Button.tsx" path="/Users/me-mac/Downloads/t-design-system/tagaddod-design-system/packages/react/src/components/Button/Button.tsx">
        <metrics statements="15" coveredstatements="0" conditionals="36" coveredconditionals="0" methods="2" coveredmethods="0"/>
        <line num="52" count="0" type="stmt"/>
        <line num="53" count="0" type="stmt"/>
        <line num="54" count="0" type="stmt"/>
        <line num="56" count="0" type="stmt"/>
        <line num="70" count="0" type="cond" truecount="0" falsecount="3"/>
        <line num="73" count="0" type="cond" truecount="0" falsecount="2"/>
        <line num="76" count="0" type="cond" truecount="0" falsecount="2"/>
        <line num="79" count="0" type="stmt"/>
        <line num="84" count="0" type="stmt"/>
        <line num="96" count="0" type="stmt"/>
        <line num="97" count="0" type="cond" truecount="0" falsecount="2"/>
        <line num="98" count="0" type="stmt"/>
        <line num="110" count="0" type="stmt"/>
        <line num="119" count="0" type="stmt"/>
        <line num="132" count="0" type="stmt"/>
      </file>
      <file name="index.ts" path="/Users/me-mac/Downloads/t-design-system/tagaddod-design-system/packages/react/src/components/Button/index.ts">
        <metrics statements="0" coveredstatements="0" conditionals="0" coveredconditionals="0" methods="0" coveredmethods="0"/>
      </file>
    </package>
    <package name="components.Checkbox">
      <metrics statements="6" coveredstatements="0" conditionals="27" coveredconditionals="0" methods="1" coveredmethods="0"/>
      <file name="Checkbox.tsx" path="/Users/me-mac/Downloads/t-design-system/tagaddod-design-system/packages/react/src/components/Checkbox/Checkbox.tsx">
        <metrics statements="6" coveredstatements="0" conditionals="27" coveredconditionals="0" methods="1" coveredmethods="0"/>
        <line num="74" count="0" type="stmt"/>
        <line num="90" count="0" type="cond" truecount="0" falsecount="2"/>
        <line num="93" count="0" type="cond" truecount="0" falsecount="2"/>
        <line num="96" count="0" type="stmt"/>
        <line num="100" count="0" type="stmt"/>
        <line num="163" count="0" type="stmt"/>
      </file>
      <file name="index.ts" path="/Users/me-mac/Downloads/t-design-system/tagaddod-design-system/packages/react/src/components/Checkbox/index.ts">
        <metrics statements="0" coveredstatements="0" conditionals="0" coveredconditionals="0" methods="0" coveredmethods="0"/>
      </file>
    </package>
    <package name="components.Drawer">
      <metrics statements="20" coveredstatements="0" conditionals="62" coveredconditionals="0" methods="4" coveredmethods="0"/>
      <file name="Drawer.tsx" path="/Users/me-mac/Downloads/t-design-system/tagaddod-design-system/packages/react/src/components/Drawer/Drawer.tsx">
        <metrics statements="20" coveredstatements="0" conditionals="62" coveredconditionals="0" methods="4" coveredmethods="0"/>
        <line num="142" count="0" type="stmt"/>
        <line num="143" count="0" type="stmt"/>
        <line num="145" count="0" type="stmt"/>
        <line num="170" count="0" type="stmt"/>
        <line num="172" count="0" type="stmt"/>
        <line num="173" count="0" type="cond" truecount="0" falsecount="2"/>
        <line num="174" count="0" type="stmt"/>
        <line num="178" count="0" type="cond" truecount="0" falsecount="2"/>
        <line num="183" count="0" type="stmt"/>
        <line num="188" count="0" type="stmt"/>
        <line num="189" count="0" type="cond" truecount="0" falsecount="2"/>
        <line num="190" count="0" type="stmt"/>
        <line num="192" count="0" type="stmt"/>
        <line num="197" count="0" type="cond" truecount="0" falsecount="2"/>
        <line num="200" count="0" type="stmt"/>
        <line num="208" count="0" type="stmt"/>
        <line num="214" count="0" type="stmt"/>
        <line num="220" count="0" type="stmt"/>
        <line num="272" count="0" type="stmt"/>
        <line num="328" count="0" type="stmt"/>
      </file>
      <file name="index.ts" path="/Users/me-mac/Downloads/t-design-system/tagaddod-design-system/packages/react/src/components/Drawer/index.ts">
        <metrics statements="0" coveredstatements="0" conditionals="0" coveredconditionals="0" methods="0" coveredmethods="0"/>
      </file>
    </package>
    <package name="components.DrawerTest">
      <metrics statements="7" coveredstatements="0" conditionals="0" coveredconditionals="0" methods="4" coveredmethods="0"/>
      <file name="DrawerTest.tsx" path="/Users/me-mac/Downloads/t-design-system/tagaddod-design-system/packages/react/src/components/DrawerTest/DrawerTest.tsx">
        <metrics statements="7" coveredstatements="0" conditionals="0" coveredconditionals="0" methods="4" coveredmethods="0"/>
        <line num="8" count="0" type="stmt"/>
        <line num="9" count="0" type="stmt"/>
        <line num="11" count="0" type="stmt"/>
        <line num="13" count="0" type="stmt"/>
        <line num="27" count="0" type="stmt"/>
        <line num="28" count="0" type="stmt"/>
        <line num="35" count="0" type="stmt"/>
      </file>
      <file name="index.ts" path="/Users/me-mac/Downloads/t-design-system/tagaddod-design-system/packages/react/src/components/DrawerTest/index.ts">
        <metrics statements="0" coveredstatements="0" conditionals="0" coveredconditionals="0" methods="0" coveredmethods="0"/>
      </file>
    </package>
    <package name="components.Listbox">
      <metrics statements="26" coveredstatements="0" conditionals="68" coveredconditionals="0" methods="7" coveredmethods="0"/>
      <file name="Listbox.tsx" path="/Users/me-mac/Downloads/t-design-system/tagaddod-design-system/packages/react/src/components/Listbox/Listbox.tsx">
        <metrics statements="14" coveredstatements="0" conditionals="25" coveredconditionals="0" methods="4" coveredmethods="0"/>
        <line num="53" count="0" type="stmt"/>
        <line num="68" count="0" type="cond" truecount="0" falsecount="4"/>
        <line num="73" count="0" type="stmt"/>
        <line num="76" count="0" type="stmt"/>
        <line num="77" count="0" type="cond" truecount="0" falsecount="2"/>
        <line num="78" count="0" type="cond" truecount="0" falsecount="4"/>
        <line num="79" count="0" type="cond" truecount="0" falsecount="2"/>
        <line num="80" count="0" type="stmt"/>
        <line num="82" count="0" type="stmt"/>
        <line num="85" count="0" type="cond" truecount="0" falsecount="2"/>
        <line num="86" count="0" type="stmt"/>
        <line num="91" count="0" type="stmt"/>
        <line num="107" count="0" type="cond" truecount="0" falsecount="4"/>
        <line num="111" count="0" type="stmt"/>
      </file>
      <file name="ListboxOption.tsx" path="/Users/me-mac/Downloads/t-design-system/tagaddod-design-system/packages/react/src/components/Listbox/ListboxOption.tsx">
        <metrics statements="12" coveredstatements="0" conditionals="43" coveredconditionals="0" methods="3" coveredmethods="0"/>
        <line num="63" count="0" type="stmt"/>
        <line num="83" count="0" type="cond" truecount="0" falsecount="2"/>
        <line num="86" count="0" type="stmt"/>
        <line num="90" count="0" type="stmt"/>
        <line num="91" count="0" type="cond" truecount="0" falsecount="4"/>
        <line num="92" count="0" type="stmt"/>
        <line num="96" count="0" type="stmt"/>
        <line num="97" count="0" type="cond" truecount="0" falsecount="2"/>
        <line num="99" count="0" type="cond" truecount="0" falsecount="4"/>
        <line num="100" count="0" type="stmt"/>
        <line num="101" count="0" type="cond" truecount="0" falsecount="2"/>
        <line num="105" count="0" type="stmt"/>
      </file>
      <file name="index.ts" path="/Users/me-mac/Downloads/t-design-system/tagaddod-design-system/packages/react/src/components/Listbox/index.ts">
        <metrics statements="0" coveredstatements="0" conditionals="0" coveredconditionals="0" methods="0" coveredmethods="0"/>
      </file>
    </package>
    <package name="components.Modal">
      <metrics statements="2" coveredstatements="0" conditionals="22" coveredconditionals="0" methods="1" coveredmethods="0"/>
      <file name="Modal.tsx" path="/Users/me-mac/Downloads/t-design-system/tagaddod-design-system/packages/react/src/components/Modal/Modal.tsx">
        <metrics statements="2" coveredstatements="0" conditionals="22" coveredconditionals="0" methods="1" coveredmethods="0"/>
        <line num="23" count="0" type="stmt"/>
        <line num="38" count="0" type="stmt"/>
      </file>
      <file name="index.ts" path="/Users/me-mac/Downloads/t-design-system/tagaddod-design-system/packages/react/src/components/Modal/index.ts">
        <metrics statements="0" coveredstatements="0" conditionals="0" coveredconditionals="0" methods="0" coveredmethods="0"/>
      </file>
    </package>
    <package name="components.Pagination">
      <metrics statements="102" coveredstatements="0" conditionals="74" coveredconditionals="0" methods="20" coveredmethods="0"/>
      <file name="Pagination.tsx" path="/Users/me-mac/Downloads/t-design-system/tagaddod-design-system/packages/react/src/components/Pagination/Pagination.tsx">
        <metrics statements="72" coveredstatements="0" conditionals="58" coveredconditionals="0" methods="16" coveredmethods="0"/>
        <line num="9" count="0" type="stmt"/>
        <line num="14" count="0" type="stmt"/>
        <line num="26" count="0" type="stmt"/>
        <line num="29" count="0" type="stmt"/>
        <line num="30" count="0" type="stmt"/>
        <line num="31" count="0" type="stmt"/>
        <line num="35" count="0" type="stmt"/>
        <line num="37" count="0" type="stmt"/>
        <line num="40" count="0" type="stmt"/>
        <line num="43" count="0" type="cond" truecount="0" falsecount="2"/>
        <line num="44" count="0" type="stmt"/>
        <line num="48" count="0" type="stmt"/>
        <line num="49" count="0" type="stmt"/>
        <line num="52" count="0" type="stmt"/>
        <line num="53" count="0" type="stmt"/>
        <line num="55" count="0" type="stmt"/>
        <line num="56" count="0" type="stmt"/>
        <line num="59" count="0" type="cond" truecount="0" falsecount="4"/>
        <line num="60" count="0" type="stmt"/>
        <line num="61" count="0" type="stmt"/>
        <line num="63" count="0" type="stmt"/>
        <line num="67" count="0" type="cond" truecount="0" falsecount="4"/>
        <line num="68" count="0" type="stmt"/>
        <line num="69" count="0" type="stmt"/>
        <line num="71" count="0" type="stmt"/>
        <line num="75" count="0" type="cond" truecount="0" falsecount="4"/>
        <line num="76" count="0" type="stmt"/>
        <line num="78" count="0" type="stmt"/>
        <line num="82" count="0" type="stmt"/>
        <line num="85" count="0" type="stmt"/>
        <line num="95" count="0" type="stmt"/>
        <line num="111" count="0" type="stmt"/>
        <line num="113" count="0" type="stmt"/>
        <line num="116" count="0" type="stmt"/>
        <line num="117" count="0" type="stmt"/>
        <line num="120" count="0" type="stmt"/>
        <line num="121" count="0" type="stmt"/>
        <line num="125" count="0" type="stmt"/>
        <line num="133" count="0" type="stmt"/>
        <line num="134" count="0" type="cond" truecount="0" falsecount="2"/>
        <line num="135" count="0" type="stmt"/>
        <line num="136" count="0" type="stmt"/>
        <line num="140" count="0" type="stmt"/>
        <line num="141" count="0" type="cond" truecount="0" falsecount="2"/>
        <line num="142" count="0" type="stmt"/>
        <line num="147" count="0" type="stmt"/>
        <line num="148" count="0" type="cond" truecount="0" falsecount="2"/>
        <line num="149" count="0" type="stmt"/>
        <line num="154" count="0" type="stmt"/>
        <line num="155" count="0" type="stmt"/>
        <line num="156" count="0" type="stmt"/>
        <line num="158" count="0" type="stmt"/>
        <line num="159" count="0" type="stmt"/>
        <line num="160" count="0" type="stmt"/>
        <line num="164" count="0" type="stmt"/>
        <line num="165" count="0" type="cond" truecount="0" falsecount="2"/>
        <line num="166" count="0" type="stmt"/>
        <line num="167" count="0" type="stmt"/>
        <line num="171" count="0" type="cond" truecount="0" falsecount="2"/>
        <line num="172" count="0" type="stmt"/>
        <line num="177" count="0" type="stmt"/>
        <line num="178" count="0" type="stmt"/>
        <line num="182" count="0" type="cond" truecount="0" falsecount="4"/>
        <line num="183" count="0" type="stmt"/>
        <line num="186" count="0" type="stmt"/>
        <line num="215" count="0" type="cond" truecount="0" falsecount="2"/>
        <line num="216" count="0" type="stmt"/>
        <line num="219" count="0" type="stmt"/>
        <line num="220" count="0" type="stmt"/>
        <line num="222" count="0" type="stmt"/>
        <line num="228" count="0" type="stmt"/>
        <line num="261" count="0" type="stmt"/>
      </file>
      <file name="index.ts" path="/Users/me-mac/Downloads/t-design-system/tagaddod-design-system/packages/react/src/components/Pagination/index.ts">
        <metrics statements="0" coveredstatements="0" conditionals="0" coveredconditionals="0" methods="0" coveredmethods="0"/>
      </file>
      <file name="types.ts" path="/Users/me-mac/Downloads/t-design-system/tagaddod-design-system/packages/react/src/components/Pagination/types.ts">
        <metrics statements="0" coveredstatements="0" conditionals="0" coveredconditionals="0" methods="0" coveredmethods="0"/>
      </file>
      <file name="usePagination.ts" path="/Users/me-mac/Downloads/t-design-system/tagaddod-design-system/packages/react/src/components/Pagination/usePagination.ts">
        <metrics statements="30" coveredstatements="0" conditionals="16" coveredconditionals="0" methods="4" coveredmethods="0"/>
        <line num="4" count="0" type="stmt"/>
        <line num="50" count="0" type="stmt"/>
        <line num="57" count="0" type="stmt"/>
        <line num="60" count="0" type="stmt"/>
        <line num="61" count="0" type="stmt"/>
        <line num="62" count="0" type="stmt"/>
        <line num="66" count="0" type="stmt"/>
        <line num="68" count="0" type="stmt"/>
        <line num="71" count="0" type="stmt"/>
        <line num="74" count="0" type="cond" truecount="0" falsecount="2"/>
        <line num="75" count="0" type="stmt"/>
        <line num="79" count="0" type="stmt"/>
        <line num="80" count="0" type="stmt"/>
        <line num="83" count="0" type="stmt"/>
        <line num="84" count="0" type="stmt"/>
        <line num="86" count="0" type="stmt"/>
        <line num="87" count="0" type="stmt"/>
        <line num="90" count="0" type="cond" truecount="0" falsecount="4"/>
        <line num="91" count="0" type="stmt"/>
        <line num="92" count="0" type="stmt"/>
        <line num="94" count="0" type="stmt"/>
        <line num="98" count="0" type="cond" truecount="0" falsecount="4"/>
        <line num="99" count="0" type="stmt"/>
        <line num="100" count="0" type="stmt"/>
        <line num="102" count="0" type="stmt"/>
        <line num="106" count="0" type="cond" truecount="0" falsecount="4"/>
        <line num="107" count="0" type="stmt"/>
        <line num="109" count="0" type="stmt"/>
        <line num="113" count="0" type="stmt"/>
        <line num="116" count="0" type="stmt"/>
      </file>
    </package>
    <package name="components.Popover">
      <metrics statements="13" coveredstatements="0" conditionals="24" coveredconditionals="0" methods="2" coveredmethods="0"/>
      <file name="Popover.tsx" path="/Users/me-mac/Downloads/t-design-system/tagaddod-design-system/packages/react/src/components/Popover/Popover.tsx">
        <metrics statements="13" coveredstatements="0" conditionals="24" coveredconditionals="0" methods="2" coveredmethods="0"/>
        <line num="55" count="0" type="stmt"/>
        <line num="69" count="0" type="cond" truecount="0" falsecount="2"/>
        <line num="72" count="0" type="stmt"/>
        <line num="76" count="0" type="stmt"/>
        <line num="80" count="0" type="stmt"/>
        <line num="112" count="0" type="stmt"/>
        <line num="113" count="0" type="stmt"/>
        <line num="114" count="0" type="stmt"/>
        <line num="122" count="0" type="cond" truecount="0" falsecount="2"/>
        <line num="125" count="0" type="stmt"/>
        <line num="129" count="0" type="stmt"/>
        <line num="157" count="0" type="stmt"/>
        <line num="158" count="0" type="stmt"/>
      </file>
      <file name="index.ts" path="/Users/me-mac/Downloads/t-design-system/tagaddod-design-system/packages/react/src/components/Popover/index.ts">
        <metrics statements="0" coveredstatements="0" conditionals="0" coveredconditionals="0" methods="0" coveredmethods="0"/>
      </file>
    </package>
    <package name="components.RadioButton">
      <metrics statements="8" coveredstatements="0" conditionals="17" coveredconditionals="0" methods="2" coveredmethods="0"/>
      <file name="RadioButton.tsx" path="/Users/me-mac/Downloads/t-design-system/tagaddod-design-system/packages/react/src/components/RadioButton/RadioButton.tsx">
        <metrics statements="8" coveredstatements="0" conditionals="17" coveredconditionals="0" methods="2" coveredmethods="0"/>
        <line num="15" count="0" type="stmt"/>
        <line num="19" count="0" type="stmt"/>
        <line num="27" count="0" type="stmt"/>
        <line num="64" count="0" type="stmt"/>
        <line num="76" count="0" type="cond" truecount="0" falsecount="2"/>
        <line num="79" count="0" type="stmt"/>
        <line num="83" count="0" type="stmt"/>
        <line num="119" count="0" type="stmt"/>
      </file>
      <file name="index.ts" path="/Users/me-mac/Downloads/t-design-system/tagaddod-design-system/packages/react/src/components/RadioButton/index.ts">
        <metrics statements="0" coveredstatements="0" conditionals="0" coveredconditionals="0" methods="0" coveredmethods="0"/>
      </file>
    </package>
    <package name="components.Switch">
      <metrics statements="12" coveredstatements="0" conditionals="23" coveredconditionals="0" methods="2" coveredmethods="0"/>
      <file name="Switch.tsx" path="/Users/me-mac/Downloads/t-design-system/tagaddod-design-system/packages/react/src/components/Switch/Switch.tsx">
        <metrics statements="12" coveredstatements="0" conditionals="23" coveredconditionals="0" methods="2" coveredmethods="0"/>
        <line num="37" count="0" type="stmt"/>
        <line num="49" count="0" type="cond" truecount="0" falsecount="2"/>
        <line num="52" count="0" type="cond" truecount="0" falsecount="2"/>
        <line num="55" count="0" type="stmt"/>
        <line num="57" count="0" type="cond" truecount="0" falsecount="2"/>
        <line num="58" count="0" type="stmt"/>
        <line num="62" count="0" type="cond" truecount="0" falsecount="2"/>
        <line num="63" count="0" type="stmt"/>
        <line num="68" count="0" type="cond" truecount="0" falsecount="2"/>
        <line num="71" count="0" type="stmt"/>
        <line num="75" count="0" type="stmt"/>
        <line num="100" count="0" type="stmt"/>
      </file>
      <file name="index.ts" path="/Users/me-mac/Downloads/t-design-system/tagaddod-design-system/packages/react/src/components/Switch/index.ts">
        <metrics statements="0" coveredstatements="0" conditionals="0" coveredconditionals="0" methods="0" coveredmethods="0"/>
      </file>
    </package>
    <package name="components.Table">
      <metrics statements="153" coveredstatements="0" conditionals="234" coveredconditionals="0" methods="47" coveredmethods="0"/>
      <file name="FilterItem.tsx" path="/Users/me-mac/Downloads/t-design-system/tagaddod-design-system/packages/react/src/components/Table/FilterItem.tsx">
        <metrics statements="15" coveredstatements="0" conditionals="14" coveredconditionals="0" methods="5" coveredmethods="0"/>
        <line num="8" count="0" type="stmt"/>
        <line num="17" count="0" type="stmt"/>
        <line num="20" count="0" type="cond" truecount="0" falsecount="2"/>
        <line num="23" count="0" type="stmt"/>
        <line num="28" count="0" type="stmt"/>
        <line num="29" count="0" type="cond" truecount="0" falsecount="2"/>
        <line num="31" count="0" type="stmt"/>
        <line num="32" count="0" type="stmt"/>
        <line num="33" count="0" type="stmt"/>
        <line num="37" count="0" type="stmt"/>
        <line num="61" count="0" type="stmt"/>
        <line num="63" count="0" type="stmt"/>
        <line num="70" count="0" type="stmt"/>
        <line num="71" count="0" type="stmt"/>
        <line num="80" count="0" type="stmt"/>
      </file>
      <file name="Table.tsx" path="/Users/me-mac/Downloads/t-design-system/tagaddod-design-system/packages/react/src/components/Table/Table.tsx">
        <metrics statements="101" coveredstatements="0" conditionals="130" coveredconditionals="0" methods="32" coveredmethods="0"/>
        <line num="24" count="0" type="stmt"/>
        <line num="62" count="0" type="stmt"/>
        <line num="63" count="0" type="stmt"/>
        <line num="64" count="0" type="stmt"/>
        <line num="65" count="0" type="stmt"/>
        <line num="68" count="0" type="stmt"/>
        <line num="74" count="0" type="stmt"/>
        <line num="77" count="0" type="stmt"/>
        <line num="79" count="0" type="cond" truecount="0" falsecount="2"/>
        <line num="80" count="0" type="stmt"/>
        <line num="81" count="0" type="cond" truecount="0" falsecount="2"/>
        <line num="82" count="0" type="cond" truecount="0" falsecount="2"/>
        <line num="86" count="0" type="cond" truecount="0" falsecount="2"/>
        <line num="87" count="0" type="stmt"/>
        <line num="88" count="0" type="cond" truecount="0" falsecount="2"/>
        <line num="89" count="0" type="cond" truecount="0" falsecount="2"/>
        <line num="92" count="0" type="stmt"/>
        <line num="95" count="0" type="stmt"/>
        <line num="98" count="0" type="stmt"/>
        <line num="99" count="0" type="cond" truecount="0" falsecount="2"/>
        <line num="100" count="0" type="cond" truecount="0" falsecount="2"/>
        <line num="104" count="0" type="stmt"/>
        <line num="105" count="0" type="cond" truecount="0" falsecount="4"/>
        <line num="106" count="0" type="stmt"/>
        <line num="108" count="0" type="stmt"/>
        <line num="112" count="0" type="stmt"/>
        <line num="113" count="0" type="cond" truecount="0" falsecount="4"/>
        <line num="114" count="0" type="stmt"/>
        <line num="116" count="0" type="stmt"/>
        <line num="120" count="0" type="stmt"/>
        <line num="121" count="0" type="cond" truecount="0" falsecount="4"/>
        <line num="122" count="0" type="stmt"/>
        <line num="124" count="0" type="stmt"/>
        <line num="128" count="0" type="stmt"/>
        <line num="129" count="0" type="cond" truecount="0" falsecount="4"/>
        <line num="130" count="0" type="stmt"/>
        <line num="132" count="0" type="stmt"/>
        <line num="136" count="0" type="stmt"/>
        <line num="137" count="0" type="stmt"/>
        <line num="141" count="0" type="stmt"/>
        <line num="142" count="0" type="cond" truecount="0" falsecount="2"/>
        <line num="143" count="0" type="stmt"/>
        <line num="150" count="0" type="stmt"/>
        <line num="160" count="0" type="stmt"/>
        <line num="176" count="0" type="stmt"/>
        <line num="177" count="0" type="stmt"/>
        <line num="182" count="0" type="cond" truecount="0" falsecount="2"/>
        <line num="189" count="0" type="cond" truecount="0" falsecount="2"/>
        <line num="190" count="0" type="stmt"/>
        <line num="191" count="0" type="cond" truecount="0" falsecount="4"/>
        <line num="192" count="0" type="stmt"/>
        <line num="195" count="0" type="stmt"/>
        <line num="210" count="0" type="stmt"/>
        <line num="211" count="0" type="stmt"/>
        <line num="214" count="0" type="stmt"/>
        <line num="220" count="0" type="stmt"/>
        <line num="224" count="0" type="stmt"/>
        <line num="225" count="0" type="stmt"/>
        <line num="229" count="0" type="stmt"/>
        <line num="230" count="0" type="stmt"/>
        <line num="231" count="0" type="stmt"/>
        <line num="235" count="0" type="stmt"/>
        <line num="236" count="0" type="stmt"/>
        <line num="237" count="0" type="stmt"/>
        <line num="238" count="0" type="stmt"/>
        <line num="242" count="0" type="cond" truecount="0" falsecount="2"/>
        <line num="245" count="0" type="stmt"/>
        <line num="250" count="0" type="stmt"/>
        <line num="251" count="0" type="cond" truecount="0" falsecount="2"/>
        <line num="252" count="0" type="cond" truecount="0" falsecount="2"/>
        <line num="253" count="0" type="stmt"/>
        <line num="257" count="0" type="stmt"/>
        <line num="260" count="0" type="cond" truecount="0" falsecount="2"/>
        <line num="263" count="0" type="stmt"/>
        <line num="264" count="0" type="cond" truecount="0" falsecount="2"/>
        <line num="265" count="0" type="stmt"/>
        <line num="268" count="0" type="cond" truecount="0" falsecount="2"/>
        <line num="269" count="0" type="stmt"/>
        <line num="272" count="0" type="cond" truecount="0" falsecount="2"/>
        <line num="273" count="0" type="stmt"/>
        <line num="276" count="0" type="cond" truecount="0" falsecount="4"/>
        <line num="277" count="0" type="cond" truecount="0" falsecount="2"/>
        <line num="278" count="0" type="stmt"/>
        <line num="280" count="0" type="stmt"/>
        <line num="283" count="0" type="stmt"/>
        <line num="287" count="0" type="stmt"/>
        <line num="289" count="0" type="stmt"/>
        <line num="309" count="0" type="stmt"/>
        <line num="311" count="0" type="stmt"/>
        <line num="318" count="0" type="stmt"/>
        <line num="321" count="0" type="stmt"/>
        <line num="326" count="0" type="stmt"/>
        <line num="342" count="0" type="stmt"/>
        <line num="360" count="0" type="stmt"/>
        <line num="397" count="0" type="stmt"/>
        <line num="423" count="0" type="cond" truecount="0" falsecount="2"/>
        <line num="424" count="0" type="stmt"/>
        <line num="426" count="0" type="stmt"/>
        <line num="430" count="0" type="cond" truecount="0" falsecount="4"/>
        <line num="431" count="0" type="stmt"/>
        <line num="433" count="0" type="stmt"/>
      </file>
      <file name="TableCell.tsx" path="/Users/me-mac/Downloads/t-design-system/tagaddod-design-system/packages/react/src/components/Table/TableCell.tsx">
        <metrics statements="4" coveredstatements="0" conditionals="13" coveredconditionals="0" methods="1" coveredmethods="0"/>
        <line num="6" count="0" type="stmt"/>
        <line num="14" count="0" type="cond" truecount="0" falsecount="2"/>
        <line num="17" count="0" type="stmt"/>
        <line num="21" count="0" type="stmt"/>
      </file>
      <file name="TableContentCase.tsx" path="/Users/me-mac/Downloads/t-design-system/tagaddod-design-system/packages/react/src/components/Table/TableContentCase.tsx">
        <metrics statements="13" coveredstatements="0" conditionals="19" coveredconditionals="0" methods="2" coveredmethods="0"/>
        <line num="12" count="0" type="stmt"/>
        <line num="17" count="0" type="cond" truecount="0" falsecount="2"/>
        <line num="20" count="0" type="stmt"/>
        <line num="25" count="0" type="stmt"/>
        <line num="41" count="0" type="stmt"/>
        <line num="42" count="0" type="cond" truecount="0" falsecount="5"/>
        <line num="44" count="0" type="stmt"/>
        <line num="46" count="0" type="stmt"/>
        <line num="48" count="0" type="stmt"/>
        <line num="50" count="0" type="stmt"/>
        <line num="52" count="0" type="stmt"/>
        <line num="57" count="0" type="cond" truecount="0" falsecount="2"/>
        <line num="59" count="0" type="stmt"/>
      </file>
      <file name="TableHeader.tsx" path="/Users/me-mac/Downloads/t-design-system/tagaddod-design-system/packages/react/src/components/Table/TableHeader.tsx">
        <metrics statements="7" coveredstatements="0" conditionals="29" coveredconditionals="0" methods="3" coveredmethods="0"/>
        <line num="10" count="0" type="stmt"/>
        <line num="24" count="0" type="cond" truecount="0" falsecount="2"/>
        <line num="27" count="0" type="stmt"/>
        <line num="31" count="0" type="stmt"/>
        <line num="32" count="0" type="stmt"/>
        <line num="35" count="0" type="stmt"/>
        <line num="58" count="0" type="stmt"/>
      </file>
      <file name="TableHeaderCell.tsx" path="/Users/me-mac/Downloads/t-design-system/tagaddod-design-system/packages/react/src/components/Table/TableHeaderCell.tsx">
        <metrics statements="13" coveredstatements="0" conditionals="29" coveredconditionals="0" methods="4" coveredmethods="0"/>
        <line num="8" count="0" type="stmt"/>
        <line num="21" count="0" type="cond" truecount="0" falsecount="2"/>
        <line num="24" count="0" type="stmt"/>
        <line num="29" count="0" type="stmt"/>
        <line num="30" count="0" type="cond" truecount="0" falsecount="2"/>
        <line num="32" count="0" type="cond" truecount="0" falsecount="2"/>
        <line num="33" count="0" type="stmt"/>
        <line num="36" count="0" type="cond" truecount="0" falsecount="2"/>
        <line num="37" count="0" type="stmt"/>
        <line num="41" count="0" type="stmt"/>
        <line num="48" count="0" type="stmt"/>
        <line num="62" count="0" type="stmt"/>
        <line num="63" count="0" type="stmt"/>
      </file>
      <file name="index.ts" path="/Users/me-mac/Downloads/t-design-system/tagaddod-design-system/packages/react/src/components/Table/index.ts">
        <metrics statements="0" coveredstatements="0" conditionals="0" coveredconditionals="0" methods="0" coveredmethods="0"/>
      </file>
      <file name="types.ts" path="/Users/me-mac/Downloads/t-design-system/tagaddod-design-system/packages/react/src/components/Table/types.ts">
        <metrics statements="0" coveredstatements="0" conditionals="0" coveredconditionals="0" methods="0" coveredmethods="0"/>
      </file>
    </package>
    <package name="components.Tabs">
      <metrics statements="38" coveredstatements="33" conditionals="39" coveredconditionals="32" methods="8" coveredmethods="6"/>
      <file name="Tabs.tsx" path="/Users/me-mac/Downloads/t-design-system/tagaddod-design-system/packages/react/src/components/Tabs/Tabs.tsx">
        <metrics statements="38" coveredstatements="33" conditionals="39" coveredconditionals="32" methods="8" coveredmethods="6"/>
        <line num="72" count="1" type="stmt"/>
        <line num="86" count="32" type="cond" truecount="3" falsecount="0"/>
        <line num="89" count="32" type="stmt"/>
        <line num="94" count="32" type="stmt"/>
        <line num="95" count="32" type="stmt"/>
        <line num="96" count="32" type="cond" truecount="2" falsecount="0"/>
        <line num="98" count="32" type="stmt"/>
        <line num="99" count="125" type="cond" truecount="2" falsecount="0"/>
        <line num="103" count="32" type="stmt"/>
        <line num="104" count="32" type="cond" truecount="2" falsecount="0"/>
        <line num="105" count="1" type="stmt"/>
        <line num="107" count="32" type="cond" truecount="2" falsecount="0"/>
        <line num="108" count="1" type="stmt"/>
        <line num="111" count="32" type="stmt"/>
        <line num="142" count="1" type="stmt"/>
        <line num="159" count="1" type="stmt"/>
        <line num="160" count="32" type="stmt"/>
        <line num="163" count="1" type="stmt"/>
        <line num="196" count="1" type="stmt"/>
        <line num="205" count="93" type="cond" truecount="2" falsecount="0"/>
        <line num="208" count="93" type="stmt"/>
        <line num="213" count="93" type="cond" truecount="2" falsecount="0"/>
        <line num="215" count="93" type="stmt"/>
        <line num="233" count="1" type="stmt"/>
        <line num="250" count="1" type="stmt"/>
        <line num="255" count="93" type="stmt"/>
        <line num="270" count="1" type="stmt"/>
        <line num="280" count="1" type="stmt"/>
        <line num="285" count="0" type="stmt"/>
        <line num="288" count="1" type="stmt"/>
        <line num="299" count="1" type="stmt"/>
        <line num="300" count="1" type="stmt"/>
        <line num="301" count="1" type="stmt"/>
        <line num="304" count="1" type="stmt"/>
        <line num="305" count="0" type="cond" truecount="0" falsecount="2"/>
        <line num="306" count="0" type="cond" truecount="0" falsecount="2"/>
        <line num="307" count="0" type="cond" truecount="0" falsecount="2"/>
        <line num="308" count="0" type="stmt"/>
      </file>
      <file name="index.ts" path="/Users/me-mac/Downloads/t-design-system/tagaddod-design-system/packages/react/src/components/Tabs/index.ts">
        <metrics statements="0" coveredstatements="0" conditionals="0" coveredconditionals="0" methods="0" coveredmethods="0"/>
      </file>
    </package>
    <package name="components.TextInput">
      <metrics statements="28" coveredstatements="0" conditionals="63" coveredconditionals="0" methods="5" coveredmethods="0"/>
      <file name="TextInput.tsx" path="/Users/me-mac/Downloads/t-design-system/tagaddod-design-system/packages/react/src/components/TextInput/TextInput.tsx">
        <metrics statements="28" coveredstatements="0" conditionals="63" coveredconditionals="0" methods="5" coveredmethods="0"/>
        <line num="47" count="0" type="stmt"/>
        <line num="73" count="0" type="stmt"/>
        <line num="74" count="0" type="stmt"/>
        <line num="75" count="0" type="cond" truecount="0" falsecount="2"/>
        <line num="78" count="0" type="cond" truecount="0" falsecount="2"/>
        <line num="81" count="0" type="stmt"/>
        <line num="86" count="0" type="stmt"/>
        <line num="87" count="0" type="cond" truecount="0" falsecount="2"/>
        <line num="88" count="0" type="stmt"/>
        <line num="92" count="0" type="stmt"/>
        <line num="93" count="0" type="stmt"/>
        <line num="94" count="0" type="stmt"/>
        <line num="97" count="0" type="stmt"/>
        <line num="98" count="0" type="stmt"/>
        <line num="101" count="0" type="stmt"/>
        <line num="106" count="0" type="stmt"/>
        <line num="107" count="0" type="stmt"/>
        <line num="110" count="0" type="stmt"/>
        <line num="111" count="0" type="stmt"/>
        <line num="115" count="0" type="cond" truecount="0" falsecount="4"/>
        <line num="118" count="0" type="cond" truecount="0" falsecount="2"/>
        <line num="131" count="0" type="cond" truecount="0" falsecount="4"/>
        <line num="145" count="0" type="stmt"/>
        <line num="152" count="0" type="stmt"/>
        <line num="153" count="0" type="stmt"/>
        <line num="155" count="0" type="stmt"/>
        <line num="229" count="0" type="stmt"/>
        <line num="232" count="0" type="stmt"/>
      </file>
      <file name="index.ts" path="/Users/me-mac/Downloads/t-design-system/tagaddod-design-system/packages/react/src/components/TextInput/index.ts">
        <metrics statements="0" coveredstatements="0" conditionals="0" coveredconditionals="0" methods="0" coveredmethods="0"/>
      </file>
    </package>
  </project>
</coverage>
