{"/Users/me-mac/Downloads/t-design-system/tagaddod-design-system/packages/react/src/components/index.ts": {"path":"/Users/me-mac/Downloads/t-design-system/tagaddod-design-system/packages/react/src/components/index.ts","statementMap":{},"fnMap":{},"branchMap":{},"s":{},"f":{},"b":{}}
,"/Users/me-mac/Downloads/t-design-system/tagaddod-design-system/packages/react/src/components/AspectRatio/AspectRatio.tsx": {"path":"/Users/me-mac/Downloads/t-design-system/tagaddod-design-system/packages/react/src/components/AspectRatio/AspectRatio.tsx","statementMap":{"0":{"start":{"line":26,"column":28},"end":{"line":29,"column":1}},"1":{"start":{"line":27,"column":2},"end":{"line":27,"column":49}},"2":{"start":{"line":27,"column":37},"end":{"line":27,"column":49}},"3":{"start":{"line":28,"column":2},"end":{"line":28,"column":43}},"4":{"start":{"line":31,"column":27},"end":{"line":103,"column":2}},"5":{"start":{"line":38,"column":23},"end":{"line":38,"column":58}},"6":{"start":{"line":39,"column":32},"end":{"line":39,"column":53}},"7":{"start":{"line":42,"column":24},"end":{"line":49,"column":7}},"8":{"start":{"line":52,"column":2},"end":{"line":76,"column":37}},"9":{"start":{"line":54,"column":4},"end":{"line":54,"column":63}},"10":{"start":{"line":54,"column":56},"end":{"line":54,"column":63}},"11":{"start":{"line":57,"column":23},"end":{"line":57,"column":46}},"12":{"start":{"line":58,"column":4},"end":{"line":58,"column":70}},"13":{"start":{"line":61,"column":18},"end":{"line":61,"column":71}},"14":{"start":{"line":62,"column":4},"end":{"line":68,"column":5}},"15":{"start":{"line":63,"column":6},"end":{"line":63,"column":40}},"16":{"start":{"line":64,"column":6},"end":{"line":64,"column":28}},"17":{"start":{"line":65,"column":6},"end":{"line":65,"column":29}},"18":{"start":{"line":66,"column":6},"end":{"line":66,"column":33}},"19":{"start":{"line":67,"column":6},"end":{"line":67,"column":34}},"20":{"start":{"line":71,"column":4},"end":{"line":75,"column":6}},"21":{"start":{"line":72,"column":6},"end":{"line":74,"column":7}},"22":{"start":{"line":73,"column":8},"end":{"line":73,"column":65}},"23":{"start":{"line":79,"column":18},"end":{"line":91,"column":3}},"24":{"start":{"line":80,"column":4},"end":{"line":80,"column":35}},"25":{"start":{"line":83,"column":4},"end":{"line":90,"column":5}},"26":{"start":{"line":84,"column":6},"end":{"line":89,"column":7}},"27":{"start":{"line":85,"column":8},"end":{"line":85,"column":21}},"28":{"start":{"line":88,"column":8},"end":{"line":88,"column":81}},"29":{"start":{"line":93,"column":2},"end":{"line":102,"column":4}},"30":{"start":{"line":105,"column":0},"end":{"line":105,"column":40}}},"fnMap":{"0":{"name":"(anonymous_0)","decl":{"start":{"line":26,"column":28},"end":{"line":26,"column":29}},"loc":{"start":{"line":26,"column":34},"end":{"line":29,"column":1}},"line":26},"1":{"name":"(anonymous_1)","decl":{"start":{"line":31,"column":72},"end":{"line":31,"column":73}},"loc":{"start":{"line":37,"column":11},"end":{"line":103,"column":1}},"line":37},"2":{"name":"(anonymous_2)","decl":{"start":{"line":52,"column":12},"end":{"line":52,"column":13}},"loc":{"start":{"line":52,"column":18},"end":{"line":76,"column":3}},"line":52},"3":{"name":"(anonymous_3)","decl":{"start":{"line":71,"column":11},"end":{"line":71,"column":12}},"loc":{"start":{"line":71,"column":17},"end":{"line":75,"column":5}},"line":71},"4":{"name":"(anonymous_4)","decl":{"start":{"line":79,"column":18},"end":{"line":79,"column":19}},"loc":{"start":{"line":79,"column":54},"end":{"line":91,"column":3}},"line":79}},"branchMap":{"0":{"loc":{"start":{"line":27,"column":2},"end":{"line":27,"column":49}},"type":"if","locations":[{"start":{"line":27,"column":2},"end":{"line":27,"column":49}},{"start":{},"end":{}}],"line":27},"1":{"loc":{"start":{"line":32,"column":2},"end":{"line":32,"column":11}},"type":"default-arg","locations":[{"start":{"line":32,"column":10},"end":{"line":32,"column":11}}],"line":32},"2":{"loc":{"start":{"line":33,"column":2},"end":{"line":33,"column":16}},"type":"default-arg","locations":[{"start":{"line":33,"column":14},"end":{"line":33,"column":16}}],"line":33},"3":{"loc":{"start":{"line":35,"column":2},"end":{"line":35,"column":12}},"type":"default-arg","locations":[{"start":{"line":35,"column":10},"end":{"line":35,"column":12}}],"line":35},"4":{"loc":{"start":{"line":42,"column":24},"end":{"line":49,"column":7}},"type":"cond-expr","locations":[{"start":{"line":43,"column":6},"end":{"line":46,"column":7}},{"start":{"line":47,"column":6},"end":{"line":49,"column":7}}],"line":42},"5":{"loc":{"start":{"line":54,"column":4},"end":{"line":54,"column":63}},"type":"if","locations":[{"start":{"line":54,"column":4},"end":{"line":54,"column":63}},{"start":{},"end":{}}],"line":54},"6":{"loc":{"start":{"line":54,"column":8},"end":{"line":54,"column":54}},"type":"binary-expr","locations":[{"start":{"line":54,"column":8},"end":{"line":54,"column":29}},{"start":{"line":54,"column":33},"end":{"line":54,"column":54}}],"line":54},"7":{"loc":{"start":{"line":62,"column":4},"end":{"line":68,"column":5}},"type":"if","locations":[{"start":{"line":62,"column":4},"end":{"line":68,"column":5}},{"start":{},"end":{}}],"line":62},"8":{"loc":{"start":{"line":72,"column":6},"end":{"line":74,"column":7}},"type":"if","locations":[{"start":{"line":72,"column":6},"end":{"line":74,"column":7}},{"start":{},"end":{}}],"line":72},"9":{"loc":{"start":{"line":83,"column":4},"end":{"line":90,"column":5}},"type":"if","locations":[{"start":{"line":83,"column":4},"end":{"line":90,"column":5}},{"start":{},"end":{}}],"line":83},"10":{"loc":{"start":{"line":84,"column":6},"end":{"line":89,"column":7}},"type":"if","locations":[{"start":{"line":84,"column":6},"end":{"line":89,"column":7}},{"start":{"line":86,"column":13},"end":{"line":89,"column":7}}],"line":84},"11":{"loc":{"start":{"line":96,"column":40},"end":{"line":96,"column":81}},"type":"binary-expr","locations":[{"start":{"line":96,"column":40},"end":{"line":96,"column":62}},{"start":{"line":96,"column":66},"end":{"line":96,"column":81}}],"line":96}},"s":{"0":0,"1":0,"2":0,"3":0,"4":0,"5":0,"6":0,"7":0,"8":0,"9":0,"10":0,"11":0,"12":0,"13":0,"14":0,"15":0,"16":0,"17":0,"18":0,"19":0,"20":0,"21":0,"22":0,"23":0,"24":0,"25":0,"26":0,"27":0,"28":0,"29":0,"30":0},"f":{"0":0,"1":0,"2":0,"3":0,"4":0},"b":{"0":[0,0],"1":[0],"2":[0],"3":[0],"4":[0,0],"5":[0,0],"6":[0,0],"7":[0,0],"8":[0,0],"9":[0,0],"10":[0,0],"11":[0,0]}}
,"/Users/me-mac/Downloads/t-design-system/tagaddod-design-system/packages/react/src/components/AspectRatio/index.ts": {"path":"/Users/me-mac/Downloads/t-design-system/tagaddod-design-system/packages/react/src/components/AspectRatio/index.ts","statementMap":{},"fnMap":{},"branchMap":{},"s":{},"f":{},"b":{}}
,"/Users/me-mac/Downloads/t-design-system/tagaddod-design-system/packages/react/src/components/Avatar/Avatar.tsx": {"path":"/Users/me-mac/Downloads/t-design-system/tagaddod-design-system/packages/react/src/components/Avatar/Avatar.tsx","statementMap":{"0":{"start":{"line":51,"column":27},"end":{"line":51,"column":64}},"1":{"start":{"line":52,"column":27},"end":{"line":52,"column":60}},"2":{"start":{"line":54,"column":22},"end":{"line":107,"column":2}},"3":{"start":{"line":64,"column":16},"end":{"line":64,"column":80}},"4":{"start":{"line":67,"column":26},"end":{"line":69,"column":3}},"5":{"start":{"line":72,"column":25},"end":{"line":72,"column":78}},"6":{"start":{"line":75,"column":24},"end":{"line":79,"column":3}},"7":{"start":{"line":81,"column":2},"end":{"line":106,"column":4}},"8":{"start":{"line":109,"column":0},"end":{"line":109,"column":30}}},"fnMap":{"0":{"name":"(anonymous_0)","decl":{"start":{"line":54,"column":62},"end":{"line":54,"column":63}},"loc":{"start":{"line":62,"column":11},"end":{"line":107,"column":1}},"line":62},"1":{"name":"(anonymous_1)","decl":{"start":{"line":88,"column":33},"end":{"line":88,"column":34}},"loc":{"start":{"line":88,"column":39},"end":{"line":90,"column":11}},"line":88}},"branchMap":{"0":{"loc":{"start":{"line":55,"column":2},"end":{"line":55,"column":15}},"type":"default-arg","locations":[{"start":{"line":55,"column":9},"end":{"line":55,"column":15}}],"line":55},"1":{"loc":{"start":{"line":56,"column":2},"end":{"line":56,"column":13}},"type":"default-arg","locations":[{"start":{"line":56,"column":9},"end":{"line":56,"column":13}}],"line":56},"2":{"loc":{"start":{"line":61,"column":2},"end":{"line":61,"column":15}},"type":"default-arg","locations":[{"start":{"line":61,"column":12},"end":{"line":61,"column":15}}],"line":61},"3":{"loc":{"start":{"line":64,"column":16},"end":{"line":64,"column":80}},"type":"binary-expr","locations":[{"start":{"line":64,"column":16},"end":{"line":64,"column":38}},{"start":{"line":64,"column":42},"end":{"line":64,"column":80}}],"line":64},"4":{"loc":{"start":{"line":68,"column":16},"end":{"line":68,"column":96}},"type":"cond-expr","locations":[{"start":{"line":68,"column":24},"end":{"line":68,"column":58}},{"start":{"line":68,"column":61},"end":{"line":68,"column":96}}],"line":68},"5":{"loc":{"start":{"line":72,"column":25},"end":{"line":72,"column":78}},"type":"cond-expr","locations":[{"start":{"line":72,"column":35},"end":{"line":72,"column":73}},{"start":{"line":72,"column":76},"end":{"line":72,"column":78}}],"line":72},"6":{"loc":{"start":{"line":83,"column":7},"end":{"line":92,"column":7}},"type":"binary-expr","locations":[{"start":{"line":83,"column":7},"end":{"line":83,"column":23}},{"start":{"line":83,"column":27},"end":{"line":83,"column":30}},{"start":{"line":84,"column":8},"end":{"line":91,"column":10}}],"line":83},"7":{"loc":{"start":{"line":87,"column":15},"end":{"line":87,"column":35}},"type":"binary-expr","locations":[{"start":{"line":87,"column":15},"end":{"line":87,"column":18}},{"start":{"line":87,"column":22},"end":{"line":87,"column":35}}],"line":87},"8":{"loc":{"start":{"line":95,"column":17},"end":{"line":95,"column":47}},"type":"cond-expr","locations":[{"start":{"line":95,"column":36},"end":{"line":95,"column":43}},{"start":{"line":95,"column":46},"end":{"line":95,"column":47}}],"line":95},"9":{"loc":{"start":{"line":97,"column":9},"end":{"line":103,"column":9}},"type":"cond-expr","locations":[{"start":{"line":98,"column":10},"end":{"line":100,"column":17}},{"start":{"line":102,"column":10},"end":{"line":102,"column":46}}],"line":97},"10":{"loc":{"start":{"line":97,"column":9},"end":{"line":97,"column":45}},"type":"binary-expr","locations":[{"start":{"line":97,"column":9},"end":{"line":97,"column":27}},{"start":{"line":97,"column":31},"end":{"line":97,"column":45}}],"line":97}},"s":{"0":0,"1":0,"2":0,"3":0,"4":0,"5":0,"6":0,"7":0,"8":0},"f":{"0":0,"1":0},"b":{"0":[0],"1":[0],"2":[0],"3":[0,0],"4":[0,0],"5":[0,0],"6":[0,0,0],"7":[0,0],"8":[0,0],"9":[0,0],"10":[0,0]}}
,"/Users/me-mac/Downloads/t-design-system/tagaddod-design-system/packages/react/src/components/Avatar/index.ts": {"path":"/Users/me-mac/Downloads/t-design-system/tagaddod-design-system/packages/react/src/components/Avatar/index.ts","statementMap":{},"fnMap":{},"branchMap":{},"s":{},"f":{},"b":{}}
,"/Users/me-mac/Downloads/t-design-system/tagaddod-design-system/packages/react/src/components/Badge/Badge.tsx": {"path":"/Users/me-mac/Downloads/t-design-system/tagaddod-design-system/packages/react/src/components/Badge/Badge.tsx","statementMap":{"0":{"start":{"line":5,"column":26},"end":{"line":5,"column":97}},"1":{"start":{"line":8,"column":26},"end":{"line":8,"column":64}},"2":{"start":{"line":41,"column":43},"end":{"line":74,"column":1}},"3":{"start":{"line":51,"column":16},"end":{"line":51,"column":80}},"4":{"start":{"line":54,"column":26},"end":{"line":56,"column":3}},"5":{"start":{"line":58,"column":2},"end":{"line":73,"column":4}}},"fnMap":{"0":{"name":"(anonymous_0)","decl":{"start":{"line":41,"column":43},"end":{"line":41,"column":44}},"loc":{"start":{"line":49,"column":6},"end":{"line":74,"column":1}},"line":49}},"branchMap":{"0":{"loc":{"start":{"line":43,"column":2},"end":{"line":43,"column":18}},"type":"default-arg","locations":[{"start":{"line":43,"column":9},"end":{"line":43,"column":18}}],"line":43},"1":{"loc":{"start":{"line":44,"column":2},"end":{"line":44,"column":17}},"type":"default-arg","locations":[{"start":{"line":44,"column":9},"end":{"line":44,"column":17}}],"line":44},"2":{"loc":{"start":{"line":45,"column":2},"end":{"line":45,"column":16}},"type":"default-arg","locations":[{"start":{"line":45,"column":11},"end":{"line":45,"column":16}}],"line":45},"3":{"loc":{"start":{"line":51,"column":16},"end":{"line":51,"column":80}},"type":"binary-expr","locations":[{"start":{"line":51,"column":16},"end":{"line":51,"column":38}},{"start":{"line":51,"column":42},"end":{"line":51,"column":80}}],"line":51},"4":{"loc":{"start":{"line":55,"column":16},"end":{"line":55,"column":96}},"type":"cond-expr","locations":[{"start":{"line":55,"column":24},"end":{"line":55,"column":58}},{"start":{"line":55,"column":61},"end":{"line":55,"column":96}}],"line":55},"5":{"loc":{"start":{"line":64,"column":8},"end":{"line":64,"column":31}},"type":"binary-expr","locations":[{"start":{"line":64,"column":8},"end":{"line":64,"column":14}},{"start":{"line":64,"column":18},"end":{"line":64,"column":31}}],"line":64},"6":{"loc":{"start":{"line":70,"column":7},"end":{"line":70,"column":58}},"type":"binary-expr","locations":[{"start":{"line":70,"column":7},"end":{"line":70,"column":11}},{"start":{"line":70,"column":15},"end":{"line":70,"column":58}}],"line":70}},"s":{"0":0,"1":0,"2":0,"3":0,"4":0,"5":0},"f":{"0":0},"b":{"0":[0],"1":[0],"2":[0],"3":[0,0],"4":[0,0],"5":[0,0],"6":[0,0]}}
,"/Users/me-mac/Downloads/t-design-system/tagaddod-design-system/packages/react/src/components/Badge/index.ts": {"path":"/Users/me-mac/Downloads/t-design-system/tagaddod-design-system/packages/react/src/components/Badge/index.ts","statementMap":{},"fnMap":{},"branchMap":{},"s":{},"f":{},"b":{}}
,"/Users/me-mac/Downloads/t-design-system/tagaddod-design-system/packages/react/src/components/Button/Button.tsx": {"path":"/Users/me-mac/Downloads/t-design-system/tagaddod-design-system/packages/react/src/components/Button/Button.tsx","statementMap":{"0":{"start":{"line":52,"column":30},"end":{"line":52,"column":84}},"1":{"start":{"line":53,"column":27},"end":{"line":53,"column":90}},"2":{"start":{"line":54,"column":27},"end":{"line":54,"column":64}},"3":{"start":{"line":56,"column":22},"end":{"line":130,"column":2}},"4":{"start":{"line":70,"column":21},"end":{"line":70,"column":60}},"5":{"start":{"line":73,"column":19},"end":{"line":73,"column":52}},"6":{"start":{"line":76,"column":16},"end":{"line":76,"column":80}},"7":{"start":{"line":79,"column":26},"end":{"line":81,"column":3}},"8":{"start":{"line":84,"column":24},"end":{"line":93,"column":3}},"9":{"start":{"line":96,"column":24},"end":{"line":117,"column":3}},"10":{"start":{"line":97,"column":4},"end":{"line":108,"column":5}},"11":{"start":{"line":98,"column":6},"end":{"line":107,"column":8}},"12":{"start":{"line":110,"column":4},"end":{"line":116,"column":6}},"13":{"start":{"line":119,"column":2},"end":{"line":129,"column":4}},"14":{"start":{"line":132,"column":0},"end":{"line":132,"column":30}}},"fnMap":{"0":{"name":"(anonymous_0)","decl":{"start":{"line":56,"column":65},"end":{"line":56,"column":66}},"loc":{"start":{"line":68,"column":11},"end":{"line":130,"column":1}},"line":68},"1":{"name":"(anonymous_1)","decl":{"start":{"line":96,"column":24},"end":{"line":96,"column":25}},"loc":{"start":{"line":96,"column":30},"end":{"line":117,"column":3}},"line":96}},"branchMap":{"0":{"loc":{"start":{"line":58,"column":2},"end":{"line":58,"column":21}},"type":"default-arg","locations":[{"start":{"line":58,"column":12},"end":{"line":58,"column":21}}],"line":58},"1":{"loc":{"start":{"line":59,"column":2},"end":{"line":59,"column":18}},"type":"default-arg","locations":[{"start":{"line":59,"column":9},"end":{"line":59,"column":18}}],"line":59},"2":{"loc":{"start":{"line":60,"column":2},"end":{"line":60,"column":17}},"type":"default-arg","locations":[{"start":{"line":60,"column":9},"end":{"line":60,"column":17}}],"line":60},"3":{"loc":{"start":{"line":61,"column":2},"end":{"line":61,"column":17}},"type":"default-arg","locations":[{"start":{"line":61,"column":12},"end":{"line":61,"column":17}}],"line":61},"4":{"loc":{"start":{"line":62,"column":2},"end":{"line":62,"column":18}},"type":"default-arg","locations":[{"start":{"line":62,"column":13},"end":{"line":62,"column":18}}],"line":62},"5":{"loc":{"start":{"line":63,"column":2},"end":{"line":63,"column":19}},"type":"default-arg","locations":[{"start":{"line":63,"column":14},"end":{"line":63,"column":19}}],"line":63},"6":{"loc":{"start":{"line":66,"column":2},"end":{"line":66,"column":16}},"type":"default-arg","locations":[{"start":{"line":66,"column":14},"end":{"line":66,"column":16}}],"line":66},"7":{"loc":{"start":{"line":70,"column":21},"end":{"line":70,"column":60}},"type":"binary-expr","locations":[{"start":{"line":70,"column":21},"end":{"line":70,"column":30}},{"start":{"line":70,"column":35},"end":{"line":70,"column":45}},{"start":{"line":70,"column":49},"end":{"line":70,"column":59}}],"line":70},"8":{"loc":{"start":{"line":73,"column":19},"end":{"line":73,"column":52}},"type":"cond-expr","locations":[{"start":{"line":73,"column":32},"end":{"line":73,"column":47}},{"start":{"line":73,"column":50},"end":{"line":73,"column":52}}],"line":73},"9":{"loc":{"start":{"line":76,"column":16},"end":{"line":76,"column":80}},"type":"binary-expr","locations":[{"start":{"line":76,"column":16},"end":{"line":76,"column":38}},{"start":{"line":76,"column":42},"end":{"line":76,"column":80}}],"line":76},"10":{"loc":{"start":{"line":80,"column":16},"end":{"line":80,"column":96}},"type":"cond-expr","locations":[{"start":{"line":80,"column":24},"end":{"line":80,"column":58}},{"start":{"line":80,"column":61},"end":{"line":80,"column":96}}],"line":80},"11":{"loc":{"start":{"line":89,"column":4},"end":{"line":89,"column":33}},"type":"binary-expr","locations":[{"start":{"line":89,"column":4},"end":{"line":89,"column":13}},{"start":{"line":89,"column":17},"end":{"line":89,"column":33}}],"line":89},"12":{"loc":{"start":{"line":90,"column":4},"end":{"line":90,"column":29}},"type":"binary-expr","locations":[{"start":{"line":90,"column":4},"end":{"line":90,"column":11}},{"start":{"line":90,"column":15},"end":{"line":90,"column":29}}],"line":90},"13":{"loc":{"start":{"line":97,"column":4},"end":{"line":108,"column":5}},"type":"if","locations":[{"start":{"line":97,"column":4},"end":{"line":108,"column":5}},{"start":{},"end":{}}],"line":97},"14":{"loc":{"start":{"line":101,"column":11},"end":{"line":105,"column":11}},"type":"binary-expr","locations":[{"start":{"line":101,"column":11},"end":{"line":101,"column":22}},{"start":{"line":102,"column":12},"end":{"line":104,"column":19}}],"line":101},"15":{"loc":{"start":{"line":103,"column":15},"end":{"line":103,"column":55}},"type":"cond-expr","locations":[{"start":{"line":103,"column":23},"end":{"line":103,"column":40}},{"start":{"line":103,"column":43},"end":{"line":103,"column":55}}],"line":103},"16":{"loc":{"start":{"line":112,"column":9},"end":{"line":112,"column":78}},"type":"binary-expr","locations":[{"start":{"line":112,"column":9},"end":{"line":112,"column":19}},{"start":{"line":112,"column":23},"end":{"line":112,"column":78}}],"line":112},"17":{"loc":{"start":{"line":113,"column":9},"end":{"line":113,"column":93}},"type":"binary-expr","locations":[{"start":{"line":113,"column":9},"end":{"line":113,"column":17}},{"start":{"line":113,"column":21},"end":{"line":113,"column":93}}],"line":113},"18":{"loc":{"start":{"line":114,"column":9},"end":{"line":114,"column":78}},"type":"binary-expr","locations":[{"start":{"line":114,"column":9},"end":{"line":114,"column":19}},{"start":{"line":114,"column":23},"end":{"line":114,"column":78}}],"line":114},"19":{"loc":{"start":{"line":123,"column":16},"end":{"line":123,"column":35}},"type":"binary-expr","locations":[{"start":{"line":123,"column":16},"end":{"line":123,"column":24}},{"start":{"line":123,"column":28},"end":{"line":123,"column":35}}],"line":123},"20":{"loc":{"start":{"line":124,"column":12},"end":{"line":124,"column":34}},"type":"binary-expr","locations":[{"start":{"line":124,"column":12},"end":{"line":124,"column":22}},{"start":{"line":124,"column":26},"end":{"line":124,"column":34}}],"line":124}},"s":{"0":0,"1":0,"2":0,"3":0,"4":0,"5":0,"6":0,"7":0,"8":0,"9":0,"10":0,"11":0,"12":0,"13":0,"14":0},"f":{"0":0,"1":0},"b":{"0":[0],"1":[0],"2":[0],"3":[0],"4":[0],"5":[0],"6":[0],"7":[0,0,0],"8":[0,0],"9":[0,0],"10":[0,0],"11":[0,0],"12":[0,0],"13":[0,0],"14":[0,0],"15":[0,0],"16":[0,0],"17":[0,0],"18":[0,0],"19":[0,0],"20":[0,0]}}
,"/Users/me-mac/Downloads/t-design-system/tagaddod-design-system/packages/react/src/components/Button/index.ts": {"path":"/Users/me-mac/Downloads/t-design-system/tagaddod-design-system/packages/react/src/components/Button/index.ts","statementMap":{},"fnMap":{},"branchMap":{},"s":{},"f":{},"b":{}}
,"/Users/me-mac/Downloads/t-design-system/tagaddod-design-system/packages/react/src/components/Checkbox/Checkbox.tsx": {"path":"/Users/me-mac/Downloads/t-design-system/tagaddod-design-system/packages/react/src/components/Checkbox/Checkbox.tsx","statementMap":{"0":{"start":{"line":74,"column":24},"end":{"line":161,"column":1}},"1":{"start":{"line":90,"column":23},"end":{"line":90,"column":82}},"2":{"start":{"line":93,"column":18},"end":{"line":93,"column":82}},"3":{"start":{"line":96,"column":28},"end":{"line":98,"column":5}},"4":{"start":{"line":100,"column":4},"end":{"line":159,"column":6}},"5":{"start":{"line":163,"column":0},"end":{"line":163,"column":34}}},"fnMap":{"0":{"name":"(anonymous_0)","decl":{"start":{"line":75,"column":2},"end":{"line":75,"column":3}},"loc":{"start":{"line":88,"column":13},"end":{"line":160,"column":3}},"line":88}},"branchMap":{"0":{"loc":{"start":{"line":81,"column":4},"end":{"line":81,"column":20}},"type":"default-arg","locations":[{"start":{"line":81,"column":15},"end":{"line":81,"column":20}}],"line":81},"1":{"loc":{"start":{"line":82,"column":4},"end":{"line":82,"column":21}},"type":"default-arg","locations":[{"start":{"line":82,"column":16},"end":{"line":82,"column":21}}],"line":82},"2":{"loc":{"start":{"line":86,"column":4},"end":{"line":86,"column":20}},"type":"default-arg","locations":[{"start":{"line":86,"column":15},"end":{"line":86,"column":20}}],"line":86},"3":{"loc":{"start":{"line":90,"column":23},"end":{"line":90,"column":82}},"type":"binary-expr","locations":[{"start":{"line":90,"column":23},"end":{"line":90,"column":25}},{"start":{"line":90,"column":29},"end":{"line":90,"column":82}}],"line":90},"4":{"loc":{"start":{"line":93,"column":18},"end":{"line":93,"column":82}},"type":"binary-expr","locations":[{"start":{"line":93,"column":18},"end":{"line":93,"column":40}},{"start":{"line":93,"column":44},"end":{"line":93,"column":82}}],"line":93},"5":{"loc":{"start":{"line":97,"column":18},"end":{"line":97,"column":98}},"type":"cond-expr","locations":[{"start":{"line":97,"column":26},"end":{"line":97,"column":60}},{"start":{"line":97,"column":63},"end":{"line":97,"column":98}}],"line":97},"6":{"loc":{"start":{"line":104,"column":10},"end":{"line":104,"column":31}},"type":"binary-expr","locations":[{"start":{"line":104,"column":10},"end":{"line":104,"column":15}},{"start":{"line":104,"column":19},"end":{"line":104,"column":31}}],"line":104},"7":{"loc":{"start":{"line":105,"column":10},"end":{"line":105,"column":37}},"type":"binary-expr","locations":[{"start":{"line":105,"column":10},"end":{"line":105,"column":18}},{"start":{"line":105,"column":22},"end":{"line":105,"column":37}}],"line":105},"8":{"loc":{"start":{"line":121,"column":14},"end":{"line":121,"column":35}},"type":"binary-expr","locations":[{"start":{"line":121,"column":14},"end":{"line":121,"column":19}},{"start":{"line":121,"column":23},"end":{"line":121,"column":35}}],"line":121},"9":{"loc":{"start":{"line":125,"column":15},"end":{"line":129,"column":15}},"type":"cond-expr","locations":[{"start":{"line":126,"column":16},"end":{"line":126,"column":63}},{"start":{"line":128,"column":16},"end":{"line":128,"column":63}}],"line":125},"10":{"loc":{"start":{"line":133,"column":11},"end":{"line":145,"column":11}},"type":"binary-expr","locations":[{"start":{"line":133,"column":11},"end":{"line":133,"column":16}},{"start":{"line":134,"column":12},"end":{"line":144,"column":20}}],"line":133},"11":{"loc":{"start":{"line":138,"column":16},"end":{"line":138,"column":42}},"type":"binary-expr","locations":[{"start":{"line":138,"column":16},"end":{"line":138,"column":25}},{"start":{"line":138,"column":29},"end":{"line":138,"column":42}}],"line":138},"12":{"loc":{"start":{"line":143,"column":15},"end":{"line":143,"column":69}},"type":"binary-expr","locations":[{"start":{"line":143,"column":15},"end":{"line":143,"column":23}},{"start":{"line":143,"column":27},"end":{"line":143,"column":69}}],"line":143},"13":{"loc":{"start":{"line":148,"column":9},"end":{"line":157,"column":16}},"type":"cond-expr","locations":[{"start":{"line":149,"column":10},"end":{"line":152,"column":16}},{"start":{"line":153,"column":12},"end":{"line":157,"column":16}}],"line":148},"14":{"loc":{"start":{"line":153,"column":12},"end":{"line":157,"column":16}},"type":"cond-expr","locations":[{"start":{"line":154,"column":10},"end":{"line":156,"column":16}},{"start":{"line":157,"column":12},"end":{"line":157,"column":16}}],"line":153}},"s":{"0":0,"1":0,"2":0,"3":0,"4":0,"5":0},"f":{"0":0},"b":{"0":[0],"1":[0],"2":[0],"3":[0,0],"4":[0,0],"5":[0,0],"6":[0,0],"7":[0,0],"8":[0,0],"9":[0,0],"10":[0,0],"11":[0,0],"12":[0,0],"13":[0,0],"14":[0,0]}}
,"/Users/me-mac/Downloads/t-design-system/tagaddod-design-system/packages/react/src/components/Checkbox/index.ts": {"path":"/Users/me-mac/Downloads/t-design-system/tagaddod-design-system/packages/react/src/components/Checkbox/index.ts","statementMap":{},"fnMap":{},"branchMap":{},"s":{},"f":{},"b":{}}
,"/Users/me-mac/Downloads/t-design-system/tagaddod-design-system/packages/react/src/components/Drawer/Drawer.tsx": {"path":"/Users/me-mac/Downloads/t-design-system/tagaddod-design-system/packages/react/src/components/Drawer/Drawer.tsx","statementMap":{"0":{"start":{"line":142,"column":27},"end":{"line":142,"column":64}},"1":{"start":{"line":143,"column":31},"end":{"line":143,"column":57}},"2":{"start":{"line":145,"column":22},"end":{"line":326,"column":2}},"3":{"start":{"line":170,"column":28},"end":{"line":170,"column":43}},"4":{"start":{"line":172,"column":2},"end":{"line":175,"column":9}},"5":{"start":{"line":173,"column":16},"end":{"line":173,"column":60}},"6":{"start":{"line":174,"column":4},"end":{"line":174,"column":28}},"7":{"start":{"line":178,"column":27},"end":{"line":180,"column":14}},"8":{"start":{"line":183,"column":26},"end":{"line":185,"column":3}},"9":{"start":{"line":188,"column":26},"end":{"line":194,"column":3}},"10":{"start":{"line":189,"column":4},"end":{"line":193,"column":5}},"11":{"start":{"line":190,"column":6},"end":{"line":190,"column":20}},"12":{"start":{"line":192,"column":6},"end":{"line":192,"column":26}},"13":{"start":{"line":197,"column":24},"end":{"line":197,"column":62}},"14":{"start":{"line":200,"column":24},"end":{"line":205,"column":3}},"15":{"start":{"line":208,"column":23},"end":{"line":211,"column":3}},"16":{"start":{"line":214,"column":22},"end":{"line":218,"column":3}},"17":{"start":{"line":220,"column":2},"end":{"line":325,"column":4}},"18":{"start":{"line":272,"column":31},"end":{"line":272,"column":50}},"19":{"start":{"line":328,"column":0},"end":{"line":328,"column":30}}},"fnMap":{"0":{"name":"(anonymous_0)","decl":{"start":{"line":145,"column":62},"end":{"line":145,"column":63}},"loc":{"start":{"line":168,"column":11},"end":{"line":326,"column":1}},"line":168},"1":{"name":"(anonymous_1)","decl":{"start":{"line":172,"column":12},"end":{"line":172,"column":13}},"loc":{"start":{"line":172,"column":18},"end":{"line":175,"column":3}},"line":172},"2":{"name":"(anonymous_2)","decl":{"start":{"line":188,"column":26},"end":{"line":188,"column":27}},"loc":{"start":{"line":188,"column":32},"end":{"line":194,"column":3}},"line":188},"3":{"name":"(anonymous_3)","decl":{"start":{"line":272,"column":25},"end":{"line":272,"column":26}},"loc":{"start":{"line":272,"column":31},"end":{"line":272,"column":50}},"line":272}},"branchMap":{"0":{"loc":{"start":{"line":151,"column":2},"end":{"line":151,"column":24}},"type":"default-arg","locations":[{"start":{"line":151,"column":19},"end":{"line":151,"column":24}}],"line":151},"1":{"loc":{"start":{"line":152,"column":2},"end":{"line":152,"column":18}},"type":"default-arg","locations":[{"start":{"line":152,"column":14},"end":{"line":152,"column":18}}],"line":152},"2":{"loc":{"start":{"line":153,"column":2},"end":{"line":153,"column":18}},"type":"default-arg","locations":[{"start":{"line":153,"column":14},"end":{"line":153,"column":18}}],"line":153},"3":{"loc":{"start":{"line":154,"column":2},"end":{"line":154,"column":20}},"type":"default-arg","locations":[{"start":{"line":154,"column":15},"end":{"line":154,"column":20}}],"line":154},"4":{"loc":{"start":{"line":159,"column":2},"end":{"line":159,"column":17}},"type":"default-arg","locations":[{"start":{"line":159,"column":9},"end":{"line":159,"column":17}}],"line":159},"5":{"loc":{"start":{"line":160,"column":2},"end":{"line":160,"column":20}},"type":"default-arg","locations":[{"start":{"line":160,"column":13},"end":{"line":160,"column":20}}],"line":160},"6":{"loc":{"start":{"line":161,"column":2},"end":{"line":161,"column":16}},"type":"default-arg","locations":[{"start":{"line":161,"column":14},"end":{"line":161,"column":16}}],"line":161},"7":{"loc":{"start":{"line":162,"column":2},"end":{"line":162,"column":22}},"type":"default-arg","locations":[{"start":{"line":162,"column":19},"end":{"line":162,"column":22}}],"line":162},"8":{"loc":{"start":{"line":163,"column":2},"end":{"line":163,"column":23}},"type":"default-arg","locations":[{"start":{"line":163,"column":19},"end":{"line":163,"column":23}}],"line":163},"9":{"loc":{"start":{"line":164,"column":2},"end":{"line":164,"column":29}},"type":"default-arg","locations":[{"start":{"line":164,"column":25},"end":{"line":164,"column":29}}],"line":164},"10":{"loc":{"start":{"line":165,"column":2},"end":{"line":165,"column":19}},"type":"default-arg","locations":[{"start":{"line":165,"column":15},"end":{"line":165,"column":19}}],"line":165},"11":{"loc":{"start":{"line":173,"column":16},"end":{"line":173,"column":60}},"type":"binary-expr","locations":[{"start":{"line":173,"column":16},"end":{"line":173,"column":28}},{"start":{"line":173,"column":32},"end":{"line":173,"column":60}}],"line":173},"12":{"loc":{"start":{"line":178,"column":27},"end":{"line":180,"column":14}},"type":"cond-expr","locations":[{"start":{"line":179,"column":7},"end":{"line":179,"column":46}},{"start":{"line":180,"column":6},"end":{"line":180,"column":14}}],"line":178},"13":{"loc":{"start":{"line":179,"column":7},"end":{"line":179,"column":46}},"type":"cond-expr","locations":[{"start":{"line":179,"column":30},"end":{"line":179,"column":36}},{"start":{"line":179,"column":39},"end":{"line":179,"column":46}}],"line":179},"14":{"loc":{"start":{"line":184,"column":16},"end":{"line":184,"column":96}},"type":"cond-expr","locations":[{"start":{"line":184,"column":24},"end":{"line":184,"column":58}},{"start":{"line":184,"column":61},"end":{"line":184,"column":96}}],"line":184},"15":{"loc":{"start":{"line":189,"column":4},"end":{"line":193,"column":5}},"type":"if","locations":[{"start":{"line":189,"column":4},"end":{"line":193,"column":5}},{"start":{"line":191,"column":11},"end":{"line":193,"column":5}}],"line":189},"16":{"loc":{"start":{"line":197,"column":24},"end":{"line":197,"column":62}},"type":"cond-expr","locations":[{"start":{"line":197,"column":32},"end":{"line":197,"column":46}},{"start":{"line":197,"column":49},"end":{"line":197,"column":62}}],"line":197},"17":{"loc":{"start":{"line":210,"column":20},"end":{"line":210,"column":57}},"type":"cond-expr","locations":[{"start":{"line":210,"column":37},"end":{"line":210,"column":48}},{"start":{"line":210,"column":51},"end":{"line":210,"column":57}}],"line":210},"18":{"loc":{"start":{"line":215,"column":21},"end":{"line":215,"column":88}},"type":"cond-expr","locations":[{"start":{"line":215,"column":44},"end":{"line":215,"column":76}},{"start":{"line":215,"column":79},"end":{"line":215,"column":88}}],"line":215},"19":{"loc":{"start":{"line":216,"column":12},"end":{"line":216,"column":44}},"type":"cond-expr","locations":[{"start":{"line":216,"column":25},"end":{"line":216,"column":32}},{"start":{"line":216,"column":35},"end":{"line":216,"column":44}}],"line":216},"20":{"loc":{"start":{"line":217,"column":15},"end":{"line":217,"column":47}},"type":"cond-expr","locations":[{"start":{"line":217,"column":28},"end":{"line":217,"column":35}},{"start":{"line":217,"column":38},"end":{"line":217,"column":47}}],"line":217},"21":{"loc":{"start":{"line":240,"column":15},"end":{"line":248,"column":15}},"type":"binary-expr","locations":[{"start":{"line":240,"column":15},"end":{"line":240,"column":29}},{"start":{"line":241,"column":16},"end":{"line":247,"column":18}}],"line":240},"22":{"loc":{"start":{"line":244,"column":30},"end":{"line":244,"column":55}},"type":"cond-expr","locations":[{"start":{"line":244,"column":38},"end":{"line":244,"column":46}},{"start":{"line":244,"column":49},"end":{"line":244,"column":55}}],"line":244},"23":{"loc":{"start":{"line":250,"column":15},"end":{"line":254,"column":15}},"type":"binary-expr","locations":[{"start":{"line":250,"column":15},"end":{"line":250,"column":27}},{"start":{"line":251,"column":16},"end":{"line":253,"column":22}}],"line":250},"24":{"loc":{"start":{"line":256,"column":15},"end":{"line":260,"column":15}},"type":"binary-expr","locations":[{"start":{"line":256,"column":15},"end":{"line":256,"column":24}},{"start":{"line":256,"column":28},"end":{"line":256,"column":33}},{"start":{"line":257,"column":16},"end":{"line":259,"column":21}}],"line":256},"25":{"loc":{"start":{"line":262,"column":15},"end":{"line":266,"column":15}},"type":"binary-expr","locations":[{"start":{"line":262,"column":15},"end":{"line":262,"column":27}},{"start":{"line":263,"column":16},"end":{"line":265,"column":22}}],"line":262},"26":{"loc":{"start":{"line":269,"column":13},"end":{"line":277,"column":13}},"type":"binary-expr","locations":[{"start":{"line":269,"column":13},"end":{"line":269,"column":22}},{"start":{"line":270,"column":14},"end":{"line":276,"column":16}}],"line":269},"27":{"loc":{"start":{"line":273,"column":28},"end":{"line":273,"column":53}},"type":"cond-expr","locations":[{"start":{"line":273,"column":36},"end":{"line":273,"column":43}},{"start":{"line":273,"column":46},"end":{"line":273,"column":53}}],"line":273},"28":{"loc":{"start":{"line":286,"column":11},"end":{"line":321,"column":11}},"type":"binary-expr","locations":[{"start":{"line":286,"column":11},"end":{"line":286,"column":21}},{"start":{"line":287,"column":12},"end":{"line":320,"column":18}}],"line":286},"29":{"loc":{"start":{"line":288,"column":15},"end":{"line":292,"column":15}},"type":"binary-expr","locations":[{"start":{"line":288,"column":15},"end":{"line":288,"column":28}},{"start":{"line":289,"column":16},"end":{"line":291,"column":22}}],"line":288},"30":{"loc":{"start":{"line":295,"column":17},"end":{"line":305,"column":17}},"type":"binary-expr","locations":[{"start":{"line":295,"column":17},"end":{"line":295,"column":32}},{"start":{"line":296,"column":18},"end":{"line":304,"column":27}}],"line":295},"31":{"loc":{"start":{"line":297,"column":29},"end":{"line":297,"column":67}},"type":"binary-expr","locations":[{"start":{"line":297,"column":29},"end":{"line":297,"column":52}},{"start":{"line":297,"column":56},"end":{"line":297,"column":67}}],"line":297},"32":{"loc":{"start":{"line":298,"column":26},"end":{"line":298,"column":59}},"type":"binary-expr","locations":[{"start":{"line":298,"column":26},"end":{"line":298,"column":46}},{"start":{"line":298,"column":50},"end":{"line":298,"column":59}}],"line":298},"33":{"loc":{"start":{"line":307,"column":17},"end":{"line":318,"column":17}},"type":"binary-expr","locations":[{"start":{"line":307,"column":17},"end":{"line":307,"column":30}},{"start":{"line":308,"column":18},"end":{"line":317,"column":27}}],"line":307},"34":{"loc":{"start":{"line":309,"column":29},"end":{"line":309,"column":63}},"type":"binary-expr","locations":[{"start":{"line":309,"column":29},"end":{"line":309,"column":50}},{"start":{"line":309,"column":54},"end":{"line":309,"column":63}}],"line":309},"35":{"loc":{"start":{"line":310,"column":26},"end":{"line":310,"column":57}},"type":"binary-expr","locations":[{"start":{"line":310,"column":26},"end":{"line":310,"column":44}},{"start":{"line":310,"column":48},"end":{"line":310,"column":57}}],"line":310}},"s":{"0":0,"1":0,"2":0,"3":0,"4":0,"5":0,"6":0,"7":0,"8":0,"9":0,"10":0,"11":0,"12":0,"13":0,"14":0,"15":0,"16":0,"17":0,"18":0,"19":0},"f":{"0":0,"1":0,"2":0,"3":0},"b":{"0":[0],"1":[0],"2":[0],"3":[0],"4":[0],"5":[0],"6":[0],"7":[0],"8":[0],"9":[0],"10":[0],"11":[0,0],"12":[0,0],"13":[0,0],"14":[0,0],"15":[0,0],"16":[0,0],"17":[0,0],"18":[0,0],"19":[0,0],"20":[0,0],"21":[0,0],"22":[0,0],"23":[0,0],"24":[0,0,0],"25":[0,0],"26":[0,0],"27":[0,0],"28":[0,0],"29":[0,0],"30":[0,0],"31":[0,0],"32":[0,0],"33":[0,0],"34":[0,0],"35":[0,0]}}
,"/Users/me-mac/Downloads/t-design-system/tagaddod-design-system/packages/react/src/components/Drawer/index.ts": {"path":"/Users/me-mac/Downloads/t-design-system/tagaddod-design-system/packages/react/src/components/Drawer/index.ts","statementMap":{},"fnMap":{},"branchMap":{},"s":{},"f":{},"b":{}}
,"/Users/me-mac/Downloads/t-design-system/tagaddod-design-system/packages/react/src/components/DrawerTest/DrawerTest.tsx": {"path":"/Users/me-mac/Downloads/t-design-system/tagaddod-design-system/packages/react/src/components/DrawerTest/DrawerTest.tsx","statementMap":{"0":{"start":{"line":8,"column":19},"end":{"line":46,"column":1}},"1":{"start":{"line":9,"column":26},"end":{"line":9,"column":47}},"2":{"start":{"line":11,"column":2},"end":{"line":45,"column":4}},"3":{"start":{"line":13,"column":29},"end":{"line":13,"column":42}},"4":{"start":{"line":27,"column":12},"end":{"line":27,"column":40}},"5":{"start":{"line":28,"column":12},"end":{"line":28,"column":27}},"6":{"start":{"line":35,"column":25},"end":{"line":35,"column":39}}},"fnMap":{"0":{"name":"(anonymous_0)","decl":{"start":{"line":8,"column":19},"end":{"line":8,"column":20}},"loc":{"start":{"line":8,"column":25},"end":{"line":46,"column":1}},"line":8},"1":{"name":"(anonymous_1)","decl":{"start":{"line":13,"column":23},"end":{"line":13,"column":24}},"loc":{"start":{"line":13,"column":29},"end":{"line":13,"column":42}},"line":13},"2":{"name":"(anonymous_2)","decl":{"start":{"line":26,"column":19},"end":{"line":26,"column":20}},"loc":{"start":{"line":26,"column":25},"end":{"line":29,"column":11}},"line":26},"3":{"name":"(anonymous_3)","decl":{"start":{"line":35,"column":19},"end":{"line":35,"column":20}},"loc":{"start":{"line":35,"column":25},"end":{"line":35,"column":39}},"line":35}},"branchMap":{},"s":{"0":0,"1":0,"2":0,"3":0,"4":0,"5":0,"6":0},"f":{"0":0,"1":0,"2":0,"3":0},"b":{}}
,"/Users/me-mac/Downloads/t-design-system/tagaddod-design-system/packages/react/src/components/DrawerTest/index.ts": {"path":"/Users/me-mac/Downloads/t-design-system/tagaddod-design-system/packages/react/src/components/DrawerTest/index.ts","statementMap":{},"fnMap":{},"branchMap":{},"s":{},"f":{},"b":{}}
,"/Users/me-mac/Downloads/t-design-system/tagaddod-design-system/packages/react/src/components/Listbox/Listbox.tsx": {"path":"/Users/me-mac/Downloads/t-design-system/tagaddod-design-system/packages/react/src/components/Listbox/Listbox.tsx","statementMap":{"0":{"start":{"line":53,"column":47},"end":{"line":130,"column":1}},"1":{"start":{"line":68,"column":34},"end":{"line":70,"column":19}},"2":{"start":{"line":73,"column":25},"end":{"line":73,"column":60}},"3":{"start":{"line":76,"column":29},"end":{"line":89,"column":3}},"4":{"start":{"line":77,"column":4},"end":{"line":88,"column":5}},"5":{"start":{"line":78,"column":6},"end":{"line":83,"column":7}},"6":{"start":{"line":79,"column":26},"end":{"line":81,"column":37}},"7":{"start":{"line":80,"column":38},"end":{"line":80,"column":49}},"8":{"start":{"line":82,"column":8},"end":{"line":82,"column":33}},"9":{"start":{"line":85,"column":6},"end":{"line":87,"column":7}},"10":{"start":{"line":86,"column":8},"end":{"line":86,"column":24}},"11":{"start":{"line":91,"column":2},"end":{"line":129,"column":4}},"12":{"start":{"line":107,"column":27},"end":{"line":109,"column":52}},"13":{"start":{"line":111,"column":8},"end":{"line":121,"column":10}}},"fnMap":{"0":{"name":"(anonymous_0)","decl":{"start":{"line":53,"column":47},"end":{"line":53,"column":48}},"loc":{"start":{"line":66,"column":6},"end":{"line":130,"column":1}},"line":66},"1":{"name":"(anonymous_1)","decl":{"start":{"line":76,"column":29},"end":{"line":76,"column":30}},"loc":{"start":{"line":76,"column":57},"end":{"line":89,"column":3}},"line":76},"2":{"name":"(anonymous_2)","decl":{"start":{"line":80,"column":33},"end":{"line":80,"column":34}},"loc":{"start":{"line":80,"column":38},"end":{"line":80,"column":49}},"line":80},"3":{"name":"(anonymous_3)","decl":{"start":{"line":106,"column":26},"end":{"line":106,"column":27}},"loc":{"start":{"line":106,"column":38},"end":{"line":122,"column":7}},"line":106}},"branchMap":{"0":{"loc":{"start":{"line":56,"column":2},"end":{"line":56,"column":23}},"type":"default-arg","locations":[{"start":{"line":56,"column":22},"end":{"line":56,"column":23}}],"line":56},"1":{"loc":{"start":{"line":57,"column":2},"end":{"line":57,"column":18}},"type":"default-arg","locations":[{"start":{"line":57,"column":13},"end":{"line":57,"column":18}}],"line":57},"2":{"loc":{"start":{"line":64,"column":2},"end":{"line":64,"column":18}},"type":"default-arg","locations":[{"start":{"line":64,"column":14},"end":{"line":64,"column":18}}],"line":64},"3":{"loc":{"start":{"line":68,"column":34},"end":{"line":70,"column":19}},"type":"cond-expr","locations":[{"start":{"line":69,"column":6},"end":{"line":69,"column":22}},{"start":{"line":70,"column":6},"end":{"line":70,"column":19}}],"line":68},"4":{"loc":{"start":{"line":68,"column":34},"end":{"line":68,"column":75}},"type":"binary-expr","locations":[{"start":{"line":68,"column":34},"end":{"line":68,"column":43}},{"start":{"line":68,"column":47},"end":{"line":68,"column":75}}],"line":68},"5":{"loc":{"start":{"line":77,"column":4},"end":{"line":88,"column":5}},"type":"if","locations":[{"start":{"line":77,"column":4},"end":{"line":88,"column":5}},{"start":{"line":84,"column":11},"end":{"line":88,"column":5}}],"line":77},"6":{"loc":{"start":{"line":78,"column":6},"end":{"line":83,"column":7}},"type":"if","locations":[{"start":{"line":78,"column":6},"end":{"line":83,"column":7}},{"start":{},"end":{}}],"line":78},"7":{"loc":{"start":{"line":78,"column":10},"end":{"line":78,"column":55}},"type":"binary-expr","locations":[{"start":{"line":78,"column":10},"end":{"line":78,"column":23}},{"start":{"line":78,"column":27},"end":{"line":78,"column":55}}],"line":78},"8":{"loc":{"start":{"line":79,"column":26},"end":{"line":81,"column":37}},"type":"cond-expr","locations":[{"start":{"line":80,"column":12},"end":{"line":80,"column":50}},{"start":{"line":81,"column":12},"end":{"line":81,"column":37}}],"line":79},"9":{"loc":{"start":{"line":85,"column":6},"end":{"line":87,"column":7}},"type":"if","locations":[{"start":{"line":85,"column":6},"end":{"line":87,"column":7}},{"start":{},"end":{}}],"line":85},"10":{"loc":{"start":{"line":100,"column":8},"end":{"line":100,"column":37}},"type":"binary-expr","locations":[{"start":{"line":100,"column":8},"end":{"line":100,"column":17}},{"start":{"line":100,"column":21},"end":{"line":100,"column":37}}],"line":100},"11":{"loc":{"start":{"line":107,"column":27},"end":{"line":109,"column":52}},"type":"cond-expr","locations":[{"start":{"line":108,"column":12},"end":{"line":108,"column":48}},{"start":{"line":109,"column":12},"end":{"line":109,"column":52}}],"line":107},"12":{"loc":{"start":{"line":107,"column":27},"end":{"line":107,"column":67}},"type":"binary-expr","locations":[{"start":{"line":107,"column":27},"end":{"line":107,"column":35}},{"start":{"line":107,"column":39},"end":{"line":107,"column":67}}],"line":107},"13":{"loc":{"start":{"line":123,"column":7},"end":{"line":127,"column":7}},"type":"binary-expr","locations":[{"start":{"line":123,"column":7},"end":{"line":123,"column":41}},{"start":{"line":124,"column":8},"end":{"line":126,"column":14}}],"line":123}},"s":{"0":0,"1":0,"2":0,"3":0,"4":0,"5":0,"6":0,"7":0,"8":0,"9":0,"10":0,"11":0,"12":0,"13":0},"f":{"0":0,"1":0,"2":0,"3":0},"b":{"0":[0],"1":[0],"2":[0],"3":[0,0],"4":[0,0],"5":[0,0],"6":[0,0],"7":[0,0],"8":[0,0],"9":[0,0],"10":[0,0],"11":[0,0],"12":[0,0],"13":[0,0]}}
,"/Users/me-mac/Downloads/t-design-system/tagaddod-design-system/packages/react/src/components/Listbox/ListboxOption.tsx": {"path":"/Users/me-mac/Downloads/t-design-system/tagaddod-design-system/packages/react/src/components/Listbox/ListboxOption.tsx","statementMap":{"0":{"start":{"line":63,"column":59},"end":{"line":143,"column":1}},"1":{"start":{"line":83,"column":16},"end":{"line":83,"column":80}},"2":{"start":{"line":86,"column":26},"end":{"line":88,"column":3}},"3":{"start":{"line":90,"column":22},"end":{"line":94,"column":3}},"4":{"start":{"line":91,"column":4},"end":{"line":93,"column":5}},"5":{"start":{"line":92,"column":6},"end":{"line":92,"column":21}},"6":{"start":{"line":96,"column":24},"end":{"line":103,"column":3}},"7":{"start":{"line":97,"column":4},"end":{"line":97,"column":25}},"8":{"start":{"line":97,"column":18},"end":{"line":97,"column":25}},"9":{"start":{"line":99,"column":4},"end":{"line":102,"column":5}},"10":{"start":{"line":100,"column":6},"end":{"line":100,"column":25}},"11":{"start":{"line":101,"column":6},"end":{"line":101,"column":34}},"12":{"start":{"line":101,"column":19},"end":{"line":101,"column":34}},"13":{"start":{"line":105,"column":2},"end":{"line":142,"column":4}}},"fnMap":{"0":{"name":"(anonymous_0)","decl":{"start":{"line":63,"column":59},"end":{"line":63,"column":60}},"loc":{"start":{"line":81,"column":6},"end":{"line":143,"column":1}},"line":81},"1":{"name":"(anonymous_1)","decl":{"start":{"line":90,"column":22},"end":{"line":90,"column":23}},"loc":{"start":{"line":90,"column":28},"end":{"line":94,"column":3}},"line":90},"2":{"name":"(anonymous_2)","decl":{"start":{"line":96,"column":24},"end":{"line":96,"column":25}},"loc":{"start":{"line":96,"column":52},"end":{"line":103,"column":3}},"line":96}},"branchMap":{"0":{"loc":{"start":{"line":65,"column":2},"end":{"line":65,"column":18}},"type":"default-arg","locations":[{"start":{"line":65,"column":13},"end":{"line":65,"column":18}}],"line":65},"1":{"loc":{"start":{"line":66,"column":2},"end":{"line":66,"column":18}},"type":"default-arg","locations":[{"start":{"line":66,"column":13},"end":{"line":66,"column":18}}],"line":66},"2":{"loc":{"start":{"line":67,"column":2},"end":{"line":67,"column":17}},"type":"default-arg","locations":[{"start":{"line":67,"column":12},"end":{"line":67,"column":17}}],"line":67},"3":{"loc":{"start":{"line":77,"column":2},"end":{"line":77,"column":17}},"type":"default-arg","locations":[{"start":{"line":77,"column":9},"end":{"line":77,"column":17}}],"line":77},"4":{"loc":{"start":{"line":79,"column":2},"end":{"line":79,"column":15}},"type":"default-arg","locations":[{"start":{"line":79,"column":13},"end":{"line":79,"column":15}}],"line":79},"5":{"loc":{"start":{"line":83,"column":16},"end":{"line":83,"column":80}},"type":"binary-expr","locations":[{"start":{"line":83,"column":16},"end":{"line":83,"column":38}},{"start":{"line":83,"column":42},"end":{"line":83,"column":80}}],"line":83},"6":{"loc":{"start":{"line":87,"column":16},"end":{"line":87,"column":96}},"type":"cond-expr","locations":[{"start":{"line":87,"column":24},"end":{"line":87,"column":58}},{"start":{"line":87,"column":61},"end":{"line":87,"column":96}}],"line":87},"7":{"loc":{"start":{"line":91,"column":4},"end":{"line":93,"column":5}},"type":"if","locations":[{"start":{"line":91,"column":4},"end":{"line":93,"column":5}},{"start":{},"end":{}}],"line":91},"8":{"loc":{"start":{"line":91,"column":8},"end":{"line":91,"column":28}},"type":"binary-expr","locations":[{"start":{"line":91,"column":8},"end":{"line":91,"column":17}},{"start":{"line":91,"column":21},"end":{"line":91,"column":28}}],"line":91},"9":{"loc":{"start":{"line":97,"column":4},"end":{"line":97,"column":25}},"type":"if","locations":[{"start":{"line":97,"column":4},"end":{"line":97,"column":25}},{"start":{},"end":{}}],"line":97},"10":{"loc":{"start":{"line":99,"column":4},"end":{"line":102,"column":5}},"type":"if","locations":[{"start":{"line":99,"column":4},"end":{"line":102,"column":5}},{"start":{},"end":{}}],"line":99},"11":{"loc":{"start":{"line":99,"column":8},"end":{"line":99,"column":42}},"type":"binary-expr","locations":[{"start":{"line":99,"column":8},"end":{"line":99,"column":25}},{"start":{"line":99,"column":29},"end":{"line":99,"column":42}}],"line":99},"12":{"loc":{"start":{"line":101,"column":6},"end":{"line":101,"column":34}},"type":"if","locations":[{"start":{"line":101,"column":6},"end":{"line":101,"column":34}},{"start":{},"end":{}}],"line":101},"13":{"loc":{"start":{"line":109,"column":21},"end":{"line":109,"column":73}},"type":"cond-expr","locations":[{"start":{"line":109,"column":50},"end":{"line":109,"column":62}},{"start":{"line":109,"column":65},"end":{"line":109,"column":73}}],"line":109},"14":{"loc":{"start":{"line":111,"column":16},"end":{"line":111,"column":40}},"type":"cond-expr","locations":[{"start":{"line":111,"column":27},"end":{"line":111,"column":29}},{"start":{"line":111,"column":32},"end":{"line":111,"column":40}}],"line":111},"15":{"loc":{"start":{"line":114,"column":8},"end":{"line":114,"column":35}},"type":"binary-expr","locations":[{"start":{"line":114,"column":8},"end":{"line":114,"column":16}},{"start":{"line":114,"column":20},"end":{"line":114,"column":35}}],"line":114},"16":{"loc":{"start":{"line":115,"column":8},"end":{"line":115,"column":35}},"type":"binary-expr","locations":[{"start":{"line":115,"column":8},"end":{"line":115,"column":16}},{"start":{"line":115,"column":20},"end":{"line":115,"column":35}}],"line":115},"17":{"loc":{"start":{"line":116,"column":8},"end":{"line":116,"column":33}},"type":"binary-expr","locations":[{"start":{"line":116,"column":8},"end":{"line":116,"column":15}},{"start":{"line":116,"column":19},"end":{"line":116,"column":33}}],"line":116},"18":{"loc":{"start":{"line":121,"column":18},"end":{"line":121,"column":75}},"type":"cond-expr","locations":[{"start":{"line":121,"column":29},"end":{"line":121,"column":39}},{"start":{"line":121,"column":42},"end":{"line":121,"column":75}}],"line":121},"19":{"loc":{"start":{"line":121,"column":42},"end":{"line":121,"column":75}},"type":"cond-expr","locations":[{"start":{"line":121,"column":53},"end":{"line":121,"column":63}},{"start":{"line":121,"column":66},"end":{"line":121,"column":75}}],"line":121},"20":{"loc":{"start":{"line":126,"column":9},"end":{"line":126,"column":64}},"type":"binary-expr","locations":[{"start":{"line":126,"column":9},"end":{"line":126,"column":15}},{"start":{"line":126,"column":19},"end":{"line":126,"column":64}}],"line":126},"21":{"loc":{"start":{"line":129,"column":11},"end":{"line":136,"column":11}},"type":"binary-expr","locations":[{"start":{"line":129,"column":11},"end":{"line":129,"column":24}},{"start":{"line":130,"column":12},"end":{"line":135,"column":15}}],"line":129},"22":{"loc":{"start":{"line":132,"column":15},"end":{"line":134,"column":15}},"type":"binary-expr","locations":[{"start":{"line":132,"column":15},"end":{"line":132,"column":23}},{"start":{"line":133,"column":16},"end":{"line":133,"column":91}}],"line":132},"23":{"loc":{"start":{"line":139,"column":9},"end":{"line":139,"column":64}},"type":"binary-expr","locations":[{"start":{"line":139,"column":9},"end":{"line":139,"column":15}},{"start":{"line":139,"column":19},"end":{"line":139,"column":64}}],"line":139}},"s":{"0":0,"1":0,"2":0,"3":0,"4":0,"5":0,"6":0,"7":0,"8":0,"9":0,"10":0,"11":0,"12":0,"13":0},"f":{"0":0,"1":0,"2":0},"b":{"0":[0],"1":[0],"2":[0],"3":[0],"4":[0],"5":[0,0],"6":[0,0],"7":[0,0],"8":[0,0],"9":[0,0],"10":[0,0],"11":[0,0],"12":[0,0],"13":[0,0],"14":[0,0],"15":[0,0],"16":[0,0],"17":[0,0],"18":[0,0],"19":[0,0],"20":[0,0],"21":[0,0],"22":[0,0],"23":[0,0]}}
,"/Users/me-mac/Downloads/t-design-system/tagaddod-design-system/packages/react/src/components/Listbox/index.ts": {"path":"/Users/me-mac/Downloads/t-design-system/tagaddod-design-system/packages/react/src/components/Listbox/index.ts","statementMap":{},"fnMap":{},"branchMap":{},"s":{},"f":{},"b":{}}
,"/Users/me-mac/Downloads/t-design-system/tagaddod-design-system/packages/react/src/components/Modal/Modal.tsx": {"path":"/Users/me-mac/Downloads/t-design-system/tagaddod-design-system/packages/react/src/components/Modal/Modal.tsx","statementMap":{"0":{"start":{"line":23,"column":21},"end":{"line":124,"column":1}},"1":{"start":{"line":38,"column":2},"end":{"line":123,"column":4}}},"fnMap":{"0":{"name":"(anonymous_0)","decl":{"start":{"line":23,"column":21},"end":{"line":23,"column":22}},"loc":{"start":{"line":37,"column":18},"end":{"line":124,"column":1}},"line":37}},"branchMap":{"0":{"loc":{"start":{"line":26,"column":2},"end":{"line":26,"column":17}},"type":"default-arg","locations":[{"start":{"line":26,"column":10},"end":{"line":26,"column":17}}],"line":26},"1":{"loc":{"start":{"line":27,"column":2},"end":{"line":27,"column":18}},"type":"default-arg","locations":[{"start":{"line":27,"column":14},"end":{"line":27,"column":18}}],"line":27},"2":{"loc":{"start":{"line":28,"column":2},"end":{"line":28,"column":19}},"type":"default-arg","locations":[{"start":{"line":28,"column":15},"end":{"line":28,"column":19}}],"line":28},"3":{"loc":{"start":{"line":29,"column":2},"end":{"line":29,"column":25}},"type":"default-arg","locations":[{"start":{"line":29,"column":16},"end":{"line":29,"column":25}}],"line":29},"4":{"loc":{"start":{"line":30,"column":2},"end":{"line":30,"column":24}},"type":"default-arg","locations":[{"start":{"line":30,"column":16},"end":{"line":30,"column":24}}],"line":30},"5":{"loc":{"start":{"line":31,"column":2},"end":{"line":31,"column":24}},"type":"default-arg","locations":[{"start":{"line":31,"column":17},"end":{"line":31,"column":24}}],"line":31},"6":{"loc":{"start":{"line":32,"column":2},"end":{"line":32,"column":18}},"type":"default-arg","locations":[{"start":{"line":32,"column":9},"end":{"line":32,"column":18}}],"line":32},"7":{"loc":{"start":{"line":33,"column":2},"end":{"line":33,"column":13}},"type":"default-arg","locations":[{"start":{"line":33,"column":8},"end":{"line":33,"column":13}}],"line":33},"8":{"loc":{"start":{"line":40,"column":7},"end":{"line":40,"column":68}},"type":"binary-expr","locations":[{"start":{"line":40,"column":7},"end":{"line":40,"column":14}},{"start":{"line":40,"column":18},"end":{"line":40,"column":68}}],"line":40},"9":{"loc":{"start":{"line":48,"column":15},"end":{"line":48,"column":34}},"type":"cond-expr","locations":[{"start":{"line":48,"column":21},"end":{"line":48,"column":26}},{"start":{"line":48,"column":29},"end":{"line":48,"column":34}}],"line":48},"10":{"loc":{"start":{"line":50,"column":11},"end":{"line":59,"column":11}},"type":"binary-expr","locations":[{"start":{"line":50,"column":11},"end":{"line":50,"column":20}},{"start":{"line":51,"column":12},"end":{"line":58,"column":18}}],"line":50},"11":{"loc":{"start":{"line":65,"column":11},"end":{"line":119,"column":11}},"type":"binary-expr","locations":[{"start":{"line":65,"column":11},"end":{"line":65,"column":21}},{"start":{"line":66,"column":12},"end":{"line":118,"column":18}}],"line":65},"12":{"loc":{"start":{"line":67,"column":15},"end":{"line":82,"column":15}},"type":"binary-expr","locations":[{"start":{"line":67,"column":15},"end":{"line":67,"column":40}},{"start":{"line":68,"column":16},"end":{"line":81,"column":19}}],"line":67},"13":{"loc":{"start":{"line":83,"column":15},"end":{"line":101,"column":15}},"type":"binary-expr","locations":[{"start":{"line":83,"column":15},"end":{"line":83,"column":39}},{"start":{"line":84,"column":16},"end":{"line":100,"column":19}}],"line":83},"14":{"loc":{"start":{"line":102,"column":15},"end":{"line":117,"column":15}},"type":"binary-expr","locations":[{"start":{"line":102,"column":15},"end":{"line":102,"column":39}},{"start":{"line":103,"column":16},"end":{"line":116,"column":22}}],"line":102}},"s":{"0":0,"1":0},"f":{"0":0},"b":{"0":[0],"1":[0],"2":[0],"3":[0],"4":[0],"5":[0],"6":[0],"7":[0],"8":[0,0],"9":[0,0],"10":[0,0],"11":[0,0],"12":[0,0],"13":[0,0],"14":[0,0]}}
,"/Users/me-mac/Downloads/t-design-system/tagaddod-design-system/packages/react/src/components/Modal/index.ts": {"path":"/Users/me-mac/Downloads/t-design-system/tagaddod-design-system/packages/react/src/components/Modal/index.ts","statementMap":{},"fnMap":{},"branchMap":{},"s":{},"f":{},"b":{}}
,"/Users/me-mac/Downloads/t-design-system/tagaddod-design-system/packages/react/src/components/Pagination/Pagination.tsx": {"path":"/Users/me-mac/Downloads/t-design-system/tagaddod-design-system/packages/react/src/components/Pagination/Pagination.tsx","statementMap":{"0":{"start":{"line":9,"column":20},"end":{"line":9,"column":25}},"1":{"start":{"line":14,"column":29},"end":{"line":90,"column":1}},"2":{"start":{"line":26,"column":21},"end":{"line":26,"column":48}},"3":{"start":{"line":29,"column":16},"end":{"line":32,"column":3}},"4":{"start":{"line":30,"column":19},"end":{"line":30,"column":34}},"5":{"start":{"line":31,"column":4},"end":{"line":31,"column":55}},"6":{"start":{"line":31,"column":44},"end":{"line":31,"column":53}},"7":{"start":{"line":35,"column":26},"end":{"line":83,"column":46}},"8":{"start":{"line":37,"column":24},"end":{"line":37,"column":66}},"9":{"start":{"line":40,"column":27},"end":{"line":40,"column":47}},"10":{"start":{"line":43,"column":4},"end":{"line":45,"column":5}},"11":{"start":{"line":44,"column":6},"end":{"line":44,"column":34}},"12":{"start":{"line":48,"column":29},"end":{"line":48,"column":68}},"13":{"start":{"line":49,"column":30},"end":{"line":49,"column":78}},"14":{"start":{"line":52,"column":31},"end":{"line":52,"column":51}},"15":{"start":{"line":53,"column":32},"end":{"line":53,"column":66}},"16":{"start":{"line":55,"column":27},"end":{"line":55,"column":28}},"17":{"start":{"line":56,"column":26},"end":{"line":56,"column":36}},"18":{"start":{"line":59,"column":4},"end":{"line":64,"column":5}},"19":{"start":{"line":60,"column":28},"end":{"line":60,"column":48}},"20":{"start":{"line":61,"column":24},"end":{"line":61,"column":47}},"21":{"start":{"line":63,"column":6},"end":{"line":63,"column":77}},"22":{"start":{"line":67,"column":4},"end":{"line":72,"column":5}},"23":{"start":{"line":68,"column":29},"end":{"line":68,"column":49}},"24":{"start":{"line":69,"column":25},"end":{"line":69,"column":75}},"25":{"start":{"line":71,"column":6},"end":{"line":71,"column":82}},"26":{"start":{"line":75,"column":4},"end":{"line":79,"column":5}},"27":{"start":{"line":76,"column":26},"end":{"line":76,"column":68}},"28":{"start":{"line":78,"column":6},"end":{"line":78,"column":104}},"29":{"start":{"line":82,"column":4},"end":{"line":82,"column":32}},"30":{"start":{"line":85,"column":2},"end":{"line":89,"column":4}},"31":{"start":{"line":95,"column":53},"end":{"line":277,"column":1}},"32":{"start":{"line":111,"column":40},"end":{"line":111,"column":65}},"33":{"start":{"line":113,"column":48},"end":{"line":113,"column":74}},"34":{"start":{"line":116,"column":2},"end":{"line":118,"column":16}},"35":{"start":{"line":117,"column":4},"end":{"line":117,"column":28}},"36":{"start":{"line":120,"column":2},"end":{"line":122,"column":17}},"37":{"start":{"line":121,"column":4},"end":{"line":121,"column":33}},"38":{"start":{"line":125,"column":42},"end":{"line":130,"column":4}},"39":{"start":{"line":133,"column":27},"end":{"line":137,"column":3}},"40":{"start":{"line":134,"column":4},"end":{"line":134,"column":37}},"41":{"start":{"line":134,"column":30},"end":{"line":134,"column":37}},"42":{"start":{"line":135,"column":4},"end":{"line":135,"column":25}},"43":{"start":{"line":136,"column":4},"end":{"line":136,"column":38}},"44":{"start":{"line":140,"column":21},"end":{"line":144,"column":3}},"45":{"start":{"line":141,"column":4},"end":{"line":143,"column":5}},"46":{"start":{"line":142,"column":6},"end":{"line":142,"column":40}},"47":{"start":{"line":147,"column":21},"end":{"line":151,"column":3}},"48":{"start":{"line":148,"column":4},"end":{"line":150,"column":5}},"49":{"start":{"line":149,"column":6},"end":{"line":149,"column":40}},"50":{"start":{"line":154,"column":31},"end":{"line":161,"column":3}},"51":{"start":{"line":155,"column":24},"end":{"line":155,"column":46}},"52":{"start":{"line":156,"column":4},"end":{"line":156,"column":36}},"53":{"start":{"line":158,"column":4},"end":{"line":158,"column":22}},"54":{"start":{"line":159,"column":4},"end":{"line":159,"column":31}},"55":{"start":{"line":160,"column":4},"end":{"line":160,"column":36}},"56":{"start":{"line":164,"column":20},"end":{"line":168,"column":43}},"57":{"start":{"line":165,"column":18},"end":{"line":165,"column":75}},"58":{"start":{"line":166,"column":16},"end":{"line":166,"column":62}},"59":{"start":{"line":167,"column":4},"end":{"line":167,"column":60}},"60":{"start":{"line":171,"column":16},"end":{"line":171,"column":80}},"61":{"start":{"line":172,"column":26},"end":{"line":174,"column":3}},"62":{"start":{"line":177,"column":25},"end":{"line":179,"column":3}},"63":{"start":{"line":178,"column":4},"end":{"line":178,"column":75}},"64":{"start":{"line":182,"column":2},"end":{"line":184,"column":3}},"65":{"start":{"line":183,"column":4},"end":{"line":183,"column":16}},"66":{"start":{"line":186,"column":2},"end":{"line":276,"column":4}},"67":{"start":{"line":215,"column":12},"end":{"line":217,"column":13}},"68":{"start":{"line":216,"column":14},"end":{"line":216,"column":57}},"69":{"start":{"line":219,"column":25},"end":{"line":219,"column":45}},"70":{"start":{"line":220,"column":34},"end":{"line":220,"column":54}},"71":{"start":{"line":222,"column":12},"end":{"line":233,"column":14}},"72":{"start":{"line":228,"column":31},"end":{"line":228,"column":53}},"73":{"start":{"line":261,"column":18},"end":{"line":263,"column":27}}},"fnMap":{"0":{"name":"(anonymous_0)","decl":{"start":{"line":14,"column":29},"end":{"line":14,"column":30}},"loc":{"start":{"line":24,"column":6},"end":{"line":90,"column":1}},"line":24},"1":{"name":"(anonymous_1)","decl":{"start":{"line":29,"column":16},"end":{"line":29,"column":17}},"loc":{"start":{"line":29,"column":58},"end":{"line":32,"column":3}},"line":29},"2":{"name":"(anonymous_2)","decl":{"start":{"line":31,"column":34},"end":{"line":31,"column":35}},"loc":{"start":{"line":31,"column":44},"end":{"line":31,"column":53}},"line":31},"3":{"name":"(anonymous_3)","decl":{"start":{"line":35,"column":34},"end":{"line":35,"column":35}},"loc":{"start":{"line":35,"column":40},"end":{"line":83,"column":3}},"line":35},"4":{"name":"(anonymous_4)","decl":{"start":{"line":95,"column":53},"end":{"line":95,"column":54}},"loc":{"start":{"line":109,"column":6},"end":{"line":277,"column":1}},"line":109},"5":{"name":"(anonymous_5)","decl":{"start":{"line":116,"column":12},"end":{"line":116,"column":13}},"loc":{"start":{"line":116,"column":18},"end":{"line":118,"column":3}},"line":116},"6":{"name":"(anonymous_6)","decl":{"start":{"line":120,"column":12},"end":{"line":120,"column":13}},"loc":{"start":{"line":120,"column":18},"end":{"line":122,"column":3}},"line":120},"7":{"name":"(anonymous_7)","decl":{"start":{"line":133,"column":27},"end":{"line":133,"column":28}},"loc":{"start":{"line":133,"column":45},"end":{"line":137,"column":3}},"line":133},"8":{"name":"(anonymous_8)","decl":{"start":{"line":140,"column":21},"end":{"line":140,"column":22}},"loc":{"start":{"line":140,"column":27},"end":{"line":144,"column":3}},"line":140},"9":{"name":"(anonymous_9)","decl":{"start":{"line":147,"column":21},"end":{"line":147,"column":22}},"loc":{"start":{"line":147,"column":27},"end":{"line":151,"column":3}},"line":147},"10":{"name":"(anonymous_10)","decl":{"start":{"line":154,"column":31},"end":{"line":154,"column":32}},"loc":{"start":{"line":154,"column":76},"end":{"line":161,"column":3}},"line":154},"11":{"name":"(anonymous_11)","decl":{"start":{"line":164,"column":28},"end":{"line":164,"column":29}},"loc":{"start":{"line":164,"column":34},"end":{"line":168,"column":3}},"line":164},"12":{"name":"(anonymous_12)","decl":{"start":{"line":177,"column":25},"end":{"line":177,"column":26}},"loc":{"start":{"line":178,"column":4},"end":{"line":178,"column":75}},"line":178},"13":{"name":"(anonymous_13)","decl":{"start":{"line":214,"column":31},"end":{"line":214,"column":32}},"loc":{"start":{"line":214,"column":54},"end":{"line":234,"column":11}},"line":214},"14":{"name":"(anonymous_14)","decl":{"start":{"line":228,"column":25},"end":{"line":228,"column":26}},"loc":{"start":{"line":228,"column":31},"end":{"line":228,"column":53}},"line":228},"15":{"name":"(anonymous_15)","decl":{"start":{"line":260,"column":37},"end":{"line":260,"column":38}},"loc":{"start":{"line":261,"column":18},"end":{"line":263,"column":27}},"line":261}},"branchMap":{"0":{"loc":{"start":{"line":17,"column":2},"end":{"line":17,"column":15}},"type":"default-arg","locations":[{"start":{"line":17,"column":13},"end":{"line":17,"column":15}}],"line":17},"1":{"loc":{"start":{"line":18,"column":2},"end":{"line":18,"column":18}},"type":"default-arg","locations":[{"start":{"line":18,"column":17},"end":{"line":18,"column":18}}],"line":18},"2":{"loc":{"start":{"line":43,"column":4},"end":{"line":45,"column":5}},"type":"if","locations":[{"start":{"line":43,"column":4},"end":{"line":45,"column":5}},{"start":{},"end":{}}],"line":43},"3":{"loc":{"start":{"line":59,"column":4},"end":{"line":64,"column":5}},"type":"if","locations":[{"start":{"line":59,"column":4},"end":{"line":64,"column":5}},{"start":{},"end":{}}],"line":59},"4":{"loc":{"start":{"line":59,"column":8},"end":{"line":59,"column":50}},"type":"binary-expr","locations":[{"start":{"line":59,"column":8},"end":{"line":59,"column":27}},{"start":{"line":59,"column":31},"end":{"line":59,"column":50}}],"line":59},"5":{"loc":{"start":{"line":67,"column":4},"end":{"line":72,"column":5}},"type":"if","locations":[{"start":{"line":67,"column":4},"end":{"line":72,"column":5}},{"start":{},"end":{}}],"line":67},"6":{"loc":{"start":{"line":67,"column":8},"end":{"line":67,"column":50}},"type":"binary-expr","locations":[{"start":{"line":67,"column":8},"end":{"line":67,"column":26}},{"start":{"line":67,"column":30},"end":{"line":67,"column":50}}],"line":67},"7":{"loc":{"start":{"line":75,"column":4},"end":{"line":79,"column":5}},"type":"if","locations":[{"start":{"line":75,"column":4},"end":{"line":79,"column":5}},{"start":{},"end":{}}],"line":75},"8":{"loc":{"start":{"line":75,"column":8},"end":{"line":75,"column":49}},"type":"binary-expr","locations":[{"start":{"line":75,"column":8},"end":{"line":75,"column":26}},{"start":{"line":75,"column":30},"end":{"line":75,"column":49}}],"line":75},"9":{"loc":{"start":{"line":97,"column":2},"end":{"line":97,"column":13}},"type":"default-arg","locations":[{"start":{"line":97,"column":12},"end":{"line":97,"column":13}}],"line":97},"10":{"loc":{"start":{"line":98,"column":2},"end":{"line":98,"column":15}},"type":"default-arg","locations":[{"start":{"line":98,"column":13},"end":{"line":98,"column":15}}],"line":98},"11":{"loc":{"start":{"line":102,"column":2},"end":{"line":102,"column":18}},"type":"default-arg","locations":[{"start":{"line":102,"column":14},"end":{"line":102,"column":18}}],"line":102},"12":{"loc":{"start":{"line":103,"column":2},"end":{"line":103,"column":23}},"type":"default-arg","locations":[{"start":{"line":103,"column":19},"end":{"line":103,"column":23}}],"line":103},"13":{"loc":{"start":{"line":105,"column":2},"end":{"line":105,"column":20}},"type":"default-arg","locations":[{"start":{"line":105,"column":14},"end":{"line":105,"column":20}}],"line":105},"14":{"loc":{"start":{"line":108,"column":2},"end":{"line":108,"column":37}},"type":"default-arg","locations":[{"start":{"line":108,"column":20},"end":{"line":108,"column":37}}],"line":108},"15":{"loc":{"start":{"line":129,"column":18},"end":{"line":129,"column":46}},"type":"cond-expr","locations":[{"start":{"line":129,"column":41},"end":{"line":129,"column":42}},{"start":{"line":129,"column":45},"end":{"line":129,"column":46}}],"line":129},"16":{"loc":{"start":{"line":134,"column":4},"end":{"line":134,"column":37}},"type":"if","locations":[{"start":{"line":134,"column":4},"end":{"line":134,"column":37}},{"start":{},"end":{}}],"line":134},"17":{"loc":{"start":{"line":141,"column":4},"end":{"line":143,"column":5}},"type":"if","locations":[{"start":{"line":141,"column":4},"end":{"line":143,"column":5}},{"start":{},"end":{}}],"line":141},"18":{"loc":{"start":{"line":148,"column":4},"end":{"line":150,"column":5}},"type":"if","locations":[{"start":{"line":148,"column":4},"end":{"line":150,"column":5}},{"start":{},"end":{}}],"line":148},"19":{"loc":{"start":{"line":165,"column":18},"end":{"line":165,"column":75}},"type":"cond-expr","locations":[{"start":{"line":165,"column":32},"end":{"line":165,"column":33}},{"start":{"line":165,"column":36},"end":{"line":165,"column":75}}],"line":165},"20":{"loc":{"start":{"line":171,"column":16},"end":{"line":171,"column":80}},"type":"binary-expr","locations":[{"start":{"line":171,"column":16},"end":{"line":171,"column":38}},{"start":{"line":171,"column":42},"end":{"line":171,"column":80}}],"line":171},"21":{"loc":{"start":{"line":173,"column":16},"end":{"line":173,"column":96}},"type":"cond-expr","locations":[{"start":{"line":173,"column":24},"end":{"line":173,"column":58}},{"start":{"line":173,"column":61},"end":{"line":173,"column":96}}],"line":173},"22":{"loc":{"start":{"line":182,"column":2},"end":{"line":184,"column":3}},"type":"if","locations":[{"start":{"line":182,"column":2},"end":{"line":184,"column":3}},{"start":{},"end":{}}],"line":182},"23":{"loc":{"start":{"line":182,"column":6},"end":{"line":182,"column":36}},"type":"binary-expr","locations":[{"start":{"line":182,"column":6},"end":{"line":182,"column":17}},{"start":{"line":182,"column":21},"end":{"line":182,"column":36}}],"line":182},"24":{"loc":{"start":{"line":188,"column":7},"end":{"line":198,"column":7}},"type":"binary-expr","locations":[{"start":{"line":188,"column":7},"end":{"line":188,"column":16}},{"start":{"line":189,"column":8},"end":{"line":197,"column":14}}],"line":188},"25":{"loc":{"start":{"line":190,"column":11},"end":{"line":196,"column":11}},"type":"cond-expr","locations":[{"start":{"line":192,"column":12},"end":{"line":192,"column":130}},{"start":{"line":195,"column":12},"end":{"line":195,"column":21}}],"line":190},"26":{"loc":{"start":{"line":215,"column":12},"end":{"line":217,"column":13}},"type":"if","locations":[{"start":{"line":215,"column":12},"end":{"line":217,"column":13}},{"start":{},"end":{}}],"line":215},"27":{"loc":{"start":{"line":226,"column":25},"end":{"line":226,"column":64}},"type":"cond-expr","locations":[{"start":{"line":226,"column":41},"end":{"line":226,"column":50}},{"start":{"line":226,"column":53},"end":{"line":226,"column":64}}],"line":226},"28":{"loc":{"start":{"line":227,"column":22},"end":{"line":227,"column":59}},"type":"cond-expr","locations":[{"start":{"line":227,"column":38},"end":{"line":227,"column":47}},{"start":{"line":227,"column":50},"end":{"line":227,"column":59}}],"line":227},"29":{"loc":{"start":{"line":229,"column":30},"end":{"line":229,"column":64}},"type":"cond-expr","locations":[{"start":{"line":229,"column":46},"end":{"line":229,"column":52}},{"start":{"line":229,"column":55},"end":{"line":229,"column":64}}],"line":229},"30":{"loc":{"start":{"line":248,"column":9},"end":{"line":273,"column":9}},"type":"binary-expr","locations":[{"start":{"line":248,"column":9},"end":{"line":248,"column":23}},{"start":{"line":249,"column":10},"end":{"line":272,"column":16}}],"line":248},"31":{"loc":{"start":{"line":251,"column":15},"end":{"line":251,"column":52}},"type":"cond-expr","locations":[{"start":{"line":251,"column":23},"end":{"line":251,"column":35}},{"start":{"line":251,"column":38},"end":{"line":251,"column":52}}],"line":251},"32":{"loc":{"start":{"line":258,"column":28},"end":{"line":258,"column":65}},"type":"cond-expr","locations":[{"start":{"line":258,"column":36},"end":{"line":258,"column":48}},{"start":{"line":258,"column":51},"end":{"line":258,"column":65}}],"line":258}},"s":{"0":0,"1":0,"2":0,"3":0,"4":0,"5":0,"6":0,"7":0,"8":0,"9":0,"10":0,"11":0,"12":0,"13":0,"14":0,"15":0,"16":0,"17":0,"18":0,"19":0,"20":0,"21":0,"22":0,"23":0,"24":0,"25":0,"26":0,"27":0,"28":0,"29":0,"30":0,"31":0,"32":0,"33":0,"34":0,"35":0,"36":0,"37":0,"38":0,"39":0,"40":0,"41":0,"42":0,"43":0,"44":0,"45":0,"46":0,"47":0,"48":0,"49":0,"50":0,"51":0,"52":0,"53":0,"54":0,"55":0,"56":0,"57":0,"58":0,"59":0,"60":0,"61":0,"62":0,"63":0,"64":0,"65":0,"66":0,"67":0,"68":0,"69":0,"70":0,"71":0,"72":0,"73":0},"f":{"0":0,"1":0,"2":0,"3":0,"4":0,"5":0,"6":0,"7":0,"8":0,"9":0,"10":0,"11":0,"12":0,"13":0,"14":0,"15":0},"b":{"0":[0],"1":[0],"2":[0,0],"3":[0,0],"4":[0,0],"5":[0,0],"6":[0,0],"7":[0,0],"8":[0,0],"9":[0],"10":[0],"11":[0],"12":[0],"13":[0],"14":[0],"15":[0,0],"16":[0,0],"17":[0,0],"18":[0,0],"19":[0,0],"20":[0,0],"21":[0,0],"22":[0,0],"23":[0,0],"24":[0,0],"25":[0,0],"26":[0,0],"27":[0,0],"28":[0,0],"29":[0,0],"30":[0,0],"31":[0,0],"32":[0,0]}}
,"/Users/me-mac/Downloads/t-design-system/tagaddod-design-system/packages/react/src/components/Pagination/index.ts": {"path":"/Users/me-mac/Downloads/t-design-system/tagaddod-design-system/packages/react/src/components/Pagination/index.ts","statementMap":{},"fnMap":{},"branchMap":{},"s":{},"f":{},"b":{}}
,"/Users/me-mac/Downloads/t-design-system/tagaddod-design-system/packages/react/src/components/Pagination/types.ts": {"path":"/Users/me-mac/Downloads/t-design-system/tagaddod-design-system/packages/react/src/components/Pagination/types.ts","statementMap":{},"fnMap":{},"branchMap":{},"s":{},"f":{},"b":{}}
,"/Users/me-mac/Downloads/t-design-system/tagaddod-design-system/packages/react/src/components/Pagination/usePagination.ts": {"path":"/Users/me-mac/Downloads/t-design-system/tagaddod-design-system/packages/react/src/components/Pagination/usePagination.ts","statementMap":{"0":{"start":{"line":4,"column":20},"end":{"line":4,"column":25}},"1":{"start":{"line":50,"column":29},"end":{"line":121,"column":1}},"2":{"start":{"line":57,"column":21},"end":{"line":57,"column":48}},"3":{"start":{"line":60,"column":16},"end":{"line":63,"column":3}},"4":{"start":{"line":61,"column":19},"end":{"line":61,"column":34}},"5":{"start":{"line":62,"column":4},"end":{"line":62,"column":55}},"6":{"start":{"line":62,"column":44},"end":{"line":62,"column":53}},"7":{"start":{"line":66,"column":26},"end":{"line":114,"column":46}},"8":{"start":{"line":68,"column":24},"end":{"line":68,"column":66}},"9":{"start":{"line":71,"column":27},"end":{"line":71,"column":47}},"10":{"start":{"line":74,"column":4},"end":{"line":76,"column":5}},"11":{"start":{"line":75,"column":6},"end":{"line":75,"column":34}},"12":{"start":{"line":79,"column":29},"end":{"line":79,"column":68}},"13":{"start":{"line":80,"column":30},"end":{"line":80,"column":78}},"14":{"start":{"line":83,"column":31},"end":{"line":83,"column":51}},"15":{"start":{"line":84,"column":32},"end":{"line":84,"column":66}},"16":{"start":{"line":86,"column":27},"end":{"line":86,"column":28}},"17":{"start":{"line":87,"column":26},"end":{"line":87,"column":36}},"18":{"start":{"line":90,"column":4},"end":{"line":95,"column":5}},"19":{"start":{"line":91,"column":28},"end":{"line":91,"column":48}},"20":{"start":{"line":92,"column":24},"end":{"line":92,"column":47}},"21":{"start":{"line":94,"column":6},"end":{"line":94,"column":77}},"22":{"start":{"line":98,"column":4},"end":{"line":103,"column":5}},"23":{"start":{"line":99,"column":29},"end":{"line":99,"column":49}},"24":{"start":{"line":100,"column":25},"end":{"line":100,"column":75}},"25":{"start":{"line":102,"column":6},"end":{"line":102,"column":82}},"26":{"start":{"line":106,"column":4},"end":{"line":110,"column":5}},"27":{"start":{"line":107,"column":26},"end":{"line":107,"column":68}},"28":{"start":{"line":109,"column":6},"end":{"line":109,"column":104}},"29":{"start":{"line":113,"column":4},"end":{"line":113,"column":32}},"30":{"start":{"line":116,"column":2},"end":{"line":120,"column":4}}},"fnMap":{"0":{"name":"(anonymous_0)","decl":{"start":{"line":50,"column":29},"end":{"line":50,"column":30}},"loc":{"start":{"line":55,"column":47},"end":{"line":121,"column":1}},"line":55},"1":{"name":"(anonymous_1)","decl":{"start":{"line":60,"column":16},"end":{"line":60,"column":17}},"loc":{"start":{"line":60,"column":58},"end":{"line":63,"column":3}},"line":60},"2":{"name":"(anonymous_2)","decl":{"start":{"line":62,"column":34},"end":{"line":62,"column":35}},"loc":{"start":{"line":62,"column":44},"end":{"line":62,"column":53}},"line":62},"3":{"name":"(anonymous_3)","decl":{"start":{"line":66,"column":34},"end":{"line":66,"column":35}},"loc":{"start":{"line":66,"column":40},"end":{"line":114,"column":3}},"line":66}},"branchMap":{"0":{"loc":{"start":{"line":53,"column":2},"end":{"line":53,"column":15}},"type":"default-arg","locations":[{"start":{"line":53,"column":13},"end":{"line":53,"column":15}}],"line":53},"1":{"loc":{"start":{"line":54,"column":2},"end":{"line":54,"column":18}},"type":"default-arg","locations":[{"start":{"line":54,"column":17},"end":{"line":54,"column":18}}],"line":54},"2":{"loc":{"start":{"line":74,"column":4},"end":{"line":76,"column":5}},"type":"if","locations":[{"start":{"line":74,"column":4},"end":{"line":76,"column":5}},{"start":{},"end":{}}],"line":74},"3":{"loc":{"start":{"line":90,"column":4},"end":{"line":95,"column":5}},"type":"if","locations":[{"start":{"line":90,"column":4},"end":{"line":95,"column":5}},{"start":{},"end":{}}],"line":90},"4":{"loc":{"start":{"line":90,"column":8},"end":{"line":90,"column":50}},"type":"binary-expr","locations":[{"start":{"line":90,"column":8},"end":{"line":90,"column":27}},{"start":{"line":90,"column":31},"end":{"line":90,"column":50}}],"line":90},"5":{"loc":{"start":{"line":98,"column":4},"end":{"line":103,"column":5}},"type":"if","locations":[{"start":{"line":98,"column":4},"end":{"line":103,"column":5}},{"start":{},"end":{}}],"line":98},"6":{"loc":{"start":{"line":98,"column":8},"end":{"line":98,"column":50}},"type":"binary-expr","locations":[{"start":{"line":98,"column":8},"end":{"line":98,"column":26}},{"start":{"line":98,"column":30},"end":{"line":98,"column":50}}],"line":98},"7":{"loc":{"start":{"line":106,"column":4},"end":{"line":110,"column":5}},"type":"if","locations":[{"start":{"line":106,"column":4},"end":{"line":110,"column":5}},{"start":{},"end":{}}],"line":106},"8":{"loc":{"start":{"line":106,"column":8},"end":{"line":106,"column":49}},"type":"binary-expr","locations":[{"start":{"line":106,"column":8},"end":{"line":106,"column":26}},{"start":{"line":106,"column":30},"end":{"line":106,"column":49}}],"line":106}},"s":{"0":0,"1":0,"2":0,"3":0,"4":0,"5":0,"6":0,"7":0,"8":0,"9":0,"10":0,"11":0,"12":0,"13":0,"14":0,"15":0,"16":0,"17":0,"18":0,"19":0,"20":0,"21":0,"22":0,"23":0,"24":0,"25":0,"26":0,"27":0,"28":0,"29":0,"30":0},"f":{"0":0,"1":0,"2":0,"3":0},"b":{"0":[0],"1":[0],"2":[0,0],"3":[0,0],"4":[0,0],"5":[0,0],"6":[0,0],"7":[0,0],"8":[0,0]}}
[...]
line":300,"column":50}},"32":{"start":{"line":301,"column":32},"end":{"line":301,"column":67}},"33":{"start":{"line":304,"column":32},"end":{"line":309,"column":1}},"34":{"start":{"line":305,"column":2},"end":{"line":305,"column":36}},"35":{"start":{"line":305,"column":18},"end":{"line":305,"column":36}},"36":{"start":{"line":306,"column":2},"end":{"line":306,"column":32}},"37":{"start":{"line":306,"column":16},"end":{"line":306,"column":32}},"38":{"start":{"line":307,"column":2},"end":{"line":307,"column":32}},"39":{"start":{"line":307,"column":17},"end":{"line":307,"column":32}},"40":{"start":{"line":308,"column":2},"end":{"line":308,"column":16}}},"fnMap":{"0":{"name":"(anonymous_0)","decl":{"start":{"line":72,"column":58},"end":{"line":72,"column":59}},"loc":{"start":{"line":84,"column":11},"end":{"line":140,"column":1}},"line":84},"1":{"name":"(anonymous_1)","decl":{"start":{"line":96,"column":4},"end":{"line":96,"column":5}},"loc":{"start":{"line":96,"column":15},"end":{"line":96,"column":69}},"line":96},"2":{"name":"(anonymous_2)","decl":{"start":{"line":99,"column":4},"end":{"line":99,"column":5}},"loc":{"start":{"line":99,"column":15},"end":{"line":99,"column":72}},"line":99},"3":{"name":"(anonymous_3)","decl":{"start":{"line":159,"column":49},"end":{"line":159,"column":50}},"loc":{"start":{"line":159,"column":67},"end":{"line":161,"column":1}},"line":159},"4":{"name":"(anonymous_4)","decl":{"start":{"line":196,"column":75},"end":{"line":196,"column":76}},"loc":{"start":{"line":203,"column":11},"end":{"line":231,"column":1}},"line":203},"5":{"name":"(anonymous_5)","decl":{"start":{"line":250,"column":72},"end":{"line":250,"column":73}},"loc":{"start":{"line":254,"column":11},"end":{"line":268,"column":1}},"line":254},"6":{"name":"(anonymous_6)","decl":{"start":{"line":280,"column":66},"end":{"line":280,"column":67}},"loc":{"start":{"line":284,"column":11},"end":{"line":286,"column":1}},"line":284},"7":{"name":"(anonymous_7)","decl":{"start":{"line":304,"column":32},"end":{"line":304,"column":33}},"loc":{"start":{"line":304,"column":96},"end":{"line":309,"column":1}},"line":304}},"branchMap":{"0":{"loc":{"start":{"line":73,"column":2},"end":{"line":73,"column":21}},"type":"default-arg","locations":[{"start":{"line":73,"column":12},"end":{"line":73,"column":21}}],"line":73},"1":{"loc":{"start":{"line":74,"column":2},"end":{"line":74,"column":16}},"type":"default-arg","locations":[{"start":{"line":74,"column":11},"end":{"line":74,"column":16}}],"line":74},"2":{"loc":{"start":{"line":75,"column":2},"end":{"line":75,"column":11}},"type":"default-arg","locations":[{"start":{"line":75,"column":10},"end":{"line":75,"column":11}}],"line":75},"3":{"loc":{"start":{"line":77,"column":2},"end":{"line":77,"column":28}},"type":"default-arg","locations":[{"start":{"line":77,"column":16},"end":{"line":77,"column":28}}],"line":77},"4":{"loc":{"start":{"line":86,"column":16},"end":{"line":86,"column":97}},"type":"binary-expr","locations":[{"start":{"line":86,"column":16},"end":{"line":86,"column":29}},{"start":{"line":86,"column":33},"end":{"line":86,"column":55}},{"start":{"line":86,"column":59},"end":{"line":86,"column":97}}],"line":86},"5":{"loc":{"start":{"line":90,"column":16},"end":{"line":90,"column":96}},"type":"cond-expr","locations":[{"start":{"line":90,"column":24},"end":{"line":90,"column":58}},{"start":{"line":90,"column":61},"end":{"line":90,"column":96}}],"line":90},"6":{"loc":{"start":{"line":96,"column":15},"end":{"line":96,"column":69}},"type":"binary-expr","locations":[{"start":{"line":96,"column":15},"end":{"line":96,"column":42}},{"start":{"line":96,"column":46},"end":{"line":96,"column":69}}],"line":96},"7":{"loc":{"start":{"line":99,"column":15},"end":{"line":99,"column":72}},"type":"binary-expr","locations":[{"start":{"line":99,"column":15},"end":{"line":99,"column":42}},{"start":{"line":99,"column":46},"end":{"line":99,"column":72}}],"line":99},"8":{"loc":{"start":{"line":104,"column":2},"end":{"line":106,"column":3}},"type":"if","locations":[{"start":{"line":104,"column":2},"end":{"line":106,"column":3}},{"start":{},"end":{}}],"line":104},"9":{"loc":{"start":{"line":107,"column":2},"end":{"line":109,"column":3}},"type":"if","locations":[{"start":{"line":107,"column":2},"end":{"line":109,"column":3}},{"start":{},"end":{}}],"line":107},"10":{"loc":{"start":{"line":117,"column":8},"end":{"line":117,"column":31}},"type":"binary-expr","locations":[{"start":{"line":117,"column":8},"end":{"line":117,"column":14}},{"start":{"line":117,"column":18},"end":{"line":117,"column":31}}],"line":117},"11":{"loc":{"start":{"line":125,"column":7},"end":{"line":136,"column":7}},"type":"binary-expr","locations":[{"start":{"line":125,"column":7},"end":{"line":125,"column":15}},{"start":{"line":126,"column":8},"end":{"line":135,"column":25}}],"line":125},"12":{"loc":{"start":{"line":205,"column":16},"end":{"line":205,"column":80}},"type":"binary-expr","locations":[{"start":{"line":205,"column":16},"end":{"line":205,"column":38}},{"start":{"line":205,"column":42},"end":{"line":205,"column":80}}],"line":205},"13":{"loc":{"start":{"line":209,"column":16},"end":{"line":209,"column":96}},"type":"cond-expr","locations":[{"start":{"line":209,"column":24},"end":{"line":209,"column":58}},{"start":{"line":209,"column":61},"end":{"line":209,"column":96}}],"line":209},"14":{"loc":{"start":{"line":213,"column":24},"end":{"line":213,"column":78}},"type":"cond-expr","locations":[{"start":{"line":213,"column":38},"end":{"line":213,"column":66}},{"start":{"line":213,"column":69},"end":{"line":213,"column":78}}],"line":213},"15":{"loc":{"start":{"line":225,"column":7},"end":{"line":225,"column":81}},"type":"binary-expr","locations":[{"start":{"line":225,"column":7},"end":{"line":225,"column":11}},{"start":{"line":225,"column":15},"end":{"line":225,"column":81}}],"line":225},"16":{"loc":{"start":{"line":227,"column":7},"end":{"line":227,"column":95}},"type":"binary-expr","locations":[{"start":{"line":227,"column":7},"end":{"line":227,"column":12}},{"start":{"line":227,"column":16},"end":{"line":227,"column":95}}],"line":227},"17":{"loc":{"start":{"line":228,"column":7},"end":{"line":228,"column":95}},"type":"binary-expr","locations":[{"start":{"line":228,"column":7},"end":{"line":228,"column":18}},{"start":{"line":228,"column":22},"end":{"line":228,"column":95}}],"line":228},"18":{"loc":{"start":{"line":305,"column":2},"end":{"line":305,"column":36}},"type":"if","locations":[{"start":{"line":305,"column":2},"end":{"line":305,"column":36}},{"start":{},"end":{}}],"line":305},"19":{"loc":{"start":{"line":306,"column":2},"end":{"line":306,"column":32}},"type":"if","locations":[{"start":{"line":306,"column":2},"end":{"line":306,"column":32}},{"start":{},"end":{}}],"line":306},"20":{"loc":{"start":{"line":307,"column":2},"end":{"line":307,"column":32}},"type":"if","locations":[{"start":{"line":307,"column":2},"end":{"line":307,"column":32}},{"start":{},"end":{}}],"line":307}},"s":{"0":1,"1":32,"2":32,"3":32,"4":32,"5":32,"6":32,"7":125,"8":32,"9":32,"10":1,"11":32,"12":1,"13":32,"14":1,"15":1,"16":32,"17":1,"18":1,"19":93,"20":93,"21":93,"22":93,"23":1,"24":1,"25":93,"26":1,"27":1,"28":0,"29":1,"30":1,"31":1,"32":1,"33":1,"34":0,"35":0,"36":0,"37":0,"38":0,"39":0,"40":0},"f":{"0":32,"1":32,"2":125,"3":32,"4":93,"5":93,"6":0,"7":0},"b":{"0":[30],"1":[31],"2":[30],"3":[31],"4":[32,30,30],"5":[2,30],"6":[32,32],"7":[125,125],"8":[1,31],"9":[1,31],"10":[32,1],"11":[32,32],"12":[93,93],"13":[0,93],"14":[1,92],"15":[93,6],"16":[93,2],"17":[93,1],"18":[0,0],"19":[0,0],"20":[0,0]},"_coverageSchema":"1a1c01bbd47fc00a2c39e90264f33305004495a9","hash":"a268440d36f7bd5494e1c67c72775ebe8bc99cee"}
,"/Users/me-mac/Downloads/t-design-system/tagaddod-design-system/packages/react/src/components/Tabs/index.ts": {"path":"/Users/me-mac/Downloads/t-design-system/tagaddod-design-system/packages/react/src/components/Tabs/index.ts","statementMap":{},"fnMap":{},"branchMap":{},"s":{},"f":{},"b":{}}
,"/Users/me-mac/Downloads/t-design-system/tagaddod-design-system/packages/react/src/components/TextInput/TextInput.tsx": {"path":"/Users/me-mac/Downloads/t-design-system/tagaddod-design-system/packages/react/src/components/TextInput/TextInput.tsx","statementMap":{"0":{"start":{"line":47,"column":25},"end":{"line":227,"column":1}},"1":{"start":{"line":73,"column":40},"end":{"line":73,"column":60}},"2":{"start":{"line":74,"column":50},"end":{"line":74,"column":65}},"3":{"start":{"line":75,"column":21},"end":{"line":75,"column":82}},"4":{"start":{"line":78,"column":18},"end":{"line":78,"column":82}},"5":{"start":{"line":81,"column":28},"end":{"line":83,"column":5}},"6":{"start":{"line":86,"column":4},"end":{"line":90,"column":16}},"7":{"start":{"line":87,"column":6},"end":{"line":89,"column":7}},"8":{"start":{"line":88,"column":8},"end":{"line":88,"column":37}},"9":{"start":{"line":92,"column":25},"end":{"line":95,"column":5}},"10":{"start":{"line":93,"column":6},"end":{"line":93,"column":36}},"11":{"start":{"line":94,"column":6},"end":{"line":94,"column":20}},"12":{"start":{"line":97,"column":24},"end":{"line":108,"column":5}},"13":{"start":{"line":98,"column":6},"end":{"line":98,"column":24}},"14":{"start":{"line":101,"column":29},"end":{"line":104,"column":46}},"15":{"start":{"line":106,"column":6},"end":{"line":106,"column":33}},"16":{"start":{"line":107,"column":6},"end":{"line":107,"column":18}},"17":{"start":{"line":110,"column":37},"end":{"line":112,"column":5}},"18":{"start":{"line":111,"column":6},"end":{"line":111,"column":43}},"19":{"start":{"line":115,"column":23},"end":{"line":115,"column":77}},"20":{"start":{"line":118,"column":27},"end":{"line":128,"column":12}},"21":{"start":{"line":131,"column":24},"end":{"line":141,"column":12}},"22":{"start":{"line":145,"column":6},"end":{"line":149,"column":9}},"23":{"start":{"line":152,"column":21},"end":{"line":152,"column":35}},"24":{"start":{"line":153,"column":22},"end":{"line":153,"column":75}},"25":{"start":{"line":155,"column":4},"end":{"line":225,"column":6}},"26":{"start":{"line":229,"column":0},"end":{"line":229,"column":36}},"27":{"start":{"line":232,"column":30},"end":{"line":232,"column":67}}},"fnMap":{"0":{"name":"(anonymous_0)","decl":{"start":{"line":48,"column":2},"end":{"line":48,"column":3}},"loc":{"start":{"line":72,"column":13},"end":{"line":226,"column":3}},"line":72},"1":{"name":"(anonymous_1)","decl":{"start":{"line":86,"column":14},"end":{"line":86,"column":15}},"loc":{"start":{"line":86,"column":20},"end":{"line":90,"column":5}},"line":86},"2":{"name":"(anonymous_2)","decl":{"start":{"line":92,"column":25},"end":{"line":92,"column":26}},"loc":{"start":{"line":92,"column":69},"end":{"line":95,"column":5}},"line":92},"3":{"name":"(anonymous_3)","decl":{"start":{"line":97,"column":24},"end":{"line":97,"column":25}},"loc":{"start":{"line":97,"column":30},"end":{"line":108,"column":5}},"line":97},"4":{"name":"(anonymous_4)","decl":{"start":{"line":110,"column":37},"end":{"line":110,"column":38}},"loc":{"start":{"line":110,"column":43},"end":{"line":112,"column":5}},"line":110}},"branchMap":{"0":{"loc":{"start":{"line":61,"column":4},"end":{"line":61,"column":19}},"type":"default-arg","locations":[{"start":{"line":61,"column":11},"end":{"line":61,"column":19}}],"line":61},"1":{"loc":{"start":{"line":62,"column":4},"end":{"line":62,"column":21}},"type":"default-arg","locations":[{"start":{"line":62,"column":16},"end":{"line":62,"column":21}}],"line":62},"2":{"loc":{"start":{"line":63,"column":4},"end":{"line":63,"column":21}},"type":"default-arg","locations":[{"start":{"line":63,"column":16},"end":{"line":63,"column":21}}],"line":63},"3":{"loc":{"start":{"line":64,"column":4},"end":{"line":64,"column":20}},"type":"default-arg","locations":[{"start":{"line":64,"column":15},"end":{"line":64,"column":20}}],"line":64},"4":{"loc":{"start":{"line":67,"column":4},"end":{"line":67,"column":21}},"type":"default-arg","locations":[{"start":{"line":67,"column":16},"end":{"line":67,"column":21}}],"line":67},"5":{"loc":{"start":{"line":69,"column":4},"end":{"line":69,"column":17}},"type":"default-arg","locations":[{"start":{"line":69,"column":11},"end":{"line":69,"column":17}}],"line":69},"6":{"loc":{"start":{"line":75,"column":21},"end":{"line":75,"column":82}},"type":"binary-expr","locations":[{"start":{"line":75,"column":21},"end":{"line":75,"column":23}},{"start":{"line":75,"column":27},"end":{"line":75,"column":82}}],"line":75},"7":{"loc":{"start":{"line":78,"column":18},"end":{"line":78,"column":82}},"type":"binary-expr","locations":[{"start":{"line":78,"column":18},"end":{"line":78,"column":40}},{"start":{"line":78,"column":44},"end":{"line":78,"column":82}}],"line":78},"8":{"loc":{"start":{"line":82,"column":18},"end":{"line":82,"column":98}},"type":"cond-expr","locations":[{"start":{"line":82,"column":26},"end":{"line":82,"column":60}},{"start":{"line":82,"column":63},"end":{"line":82,"column":98}}],"line":82},"9":{"loc":{"start":{"line":87,"column":6},"end":{"line":89,"column":7}},"type":"if","locations":[{"start":{"line":87,"column":6},"end":{"line":89,"column":7}},{"start":{},"end":{}}],"line":87},"10":{"loc":{"start":{"line":115,"column":23},"end":{"line":115,"column":77}},"type":"cond-expr","locations":[{"start":{"line":115,"column":64},"end":{"line":115,"column":70}},{"start":{"line":115,"column":73},"end":{"line":115,"column":77}}],"line":115},"11":{"loc":{"start":{"line":115,"column":23},"end":{"line":115,"column":61}},"type":"binary-expr","locations":[{"start":{"line":115,"column":23},"end":{"line":115,"column":42}},{"start":{"line":115,"column":46},"end":{"line":115,"column":61}}],"line":115},"12":{"loc":{"start":{"line":118,"column":27},"end":{"line":128,"column":12}},"type":"cond-expr","locations":[{"start":{"line":119,"column":6},"end":{"line":127,"column":15}},{"start":{"line":128,"column":8},"end":{"line":128,"column":12}}],"line":118},"13":{"loc":{"start":{"line":123,"column":20},"end":{"line":123,"column":71}},"type":"cond-expr","locations":[{"start":{"line":123,"column":38},"end":{"line":123,"column":53}},{"start":{"line":123,"column":56},"end":{"line":123,"column":71}}],"line":123},"14":{"loc":{"start":{"line":126,"column":9},"end":{"line":126,"column":75}},"type":"cond-expr","locations":[{"start":{"line":126,"column":27},"end":{"line":126,"column":51}},{"start":{"line":126,"column":54},"end":{"line":126,"column":75}}],"line":126},"15":{"loc":{"start":{"line":131,"column":24},"end":{"line":141,"column":12}},"type":"cond-expr","locations":[{"start":{"line":132,"column":6},"end":{"line":140,"column":15}},{"start":{"line":141,"column":8},"end":{"line":141,"column":12}}],"line":131},"16":{"loc":{"start":{"line":131,"column":24},"end":{"line":131,"column":47}},"type":"binary-expr","locations":[{"start":{"line":131,"column":24},"end":{"line":131,"column":33}},{"start":{"line":131,"column":37},"end":{"line":131,"column":47}}],"line":131},"17":{"loc":{"start":{"line":159,"column":10},"end":{"line":159,"column":34}},"type":"binary-expr","locations":[{"start":{"line":159,"column":10},"end":{"line":159,"column":18}},{"start":{"line":159,"column":22},"end":{"line":159,"column":34}}],"line":159},"18":{"loc":{"start":{"line":161,"column":10},"end":{"line":161,"column":39}},"type":"binary-expr","locations":[{"start":{"line":161,"column":10},"end":{"line":161,"column":19}},{"start":{"line":161,"column":23},"end":{"line":161,"column":39}}],"line":161},"19":{"loc":{"start":{"line":165,"column":26},"end":{"line":165,"column":46}},"type":"binary-expr","locations":[{"start":{"line":165,"column":26},"end":{"line":165,"column":30}},{"start":{"line":165,"column":34},"end":{"line":165,"column":46}}],"line":165},"20":{"loc":{"start":{"line":166,"column":11},"end":{"line":174,"column":11}},"type":"binary-expr","locations":[{"start":{"line":166,"column":11},"end":{"line":166,"column":16}},{"start":{"line":166,"column":20},"end":{"line":166,"column":30}},{"start":{"line":167,"column":12},"end":{"line":173,"column":18}}],"line":166},"21":{"loc":{"start":{"line":170,"column":17},"end":{"line":170,"column":71}},"type":"binary-expr","locations":[{"start":{"line":170,"column":17},"end":{"line":170,"column":25}},{"start":{"line":170,"column":29},"end":{"line":170,"column":71}}],"line":170},"22":{"loc":{"start":{"line":171,"column":17},"end":{"line":171,"column":80}},"type":"binary-expr","locations":[{"start":{"line":171,"column":17},"end":{"line":171,"column":25}},{"start":{"line":171,"column":29},"end":{"line":171,"column":80}}],"line":171},"23":{"loc":{"start":{"line":179,"column":14},"end":{"line":179,"column":41}},"type":"binary-expr","locations":[{"start":{"line":179,"column":14},"end":{"line":179,"column":22}},{"start":{"line":179,"column":26},"end":{"line":179,"column":41}}],"line":179},"24":{"loc":{"start":{"line":180,"column":14},"end":{"line":180,"column":41}},"type":"binary-expr","locations":[{"start":{"line":180,"column":14},"end":{"line":180,"column":22}},{"start":{"line":180,"column":26},"end":{"line":180,"column":41}}],"line":180},"25":{"loc":{"start":{"line":183,"column":13},"end":{"line":183,"column":68}},"type":"binary-expr","locations":[{"start":{"line":183,"column":13},"end":{"line":183,"column":19}},{"start":{"line":183,"column":23},"end":{"line":183,"column":68}}],"line":183},"26":{"loc":{"start":{"line":191,"column":18},"end":{"line":191,"column":45}},"type":"binary-expr","locations":[{"start":{"line":191,"column":18},"end":{"line":191,"column":24}},{"start":{"line":191,"column":28},"end":{"line":191,"column":45}}],"line":191},"27":{"loc":{"start":{"line":192,"column":18},"end":{"line":192,"column":80}},"type":"binary-expr","locations":[{"start":{"line":192,"column":19},"end":{"line":192,"column":25}},{"start":{"line":192,"column":29},"end":{"line":192,"column":40}},{"start":{"line":192,"column":44},"end":{"line":192,"column":58}},{"start":{"line":192,"column":63},"end":{"line":192,"column":80}}],"line":192},"28":{"loc":{"start":{"line":195,"column":23},"end":{"line":195,"column":63}},"type":"cond-expr","locations":[{"start":{"line":195,"column":45},"end":{"line":195,"column":55}},{"start":{"line":195,"column":58},"end":{"line":195,"column":63}}],"line":195},"29":{"loc":{"start":{"line":208,"column":13},"end":{"line":210,"column":13}},"type":"binary-expr","locations":[{"start":{"line":208,"column":14},"end":{"line":208,"column":20}},{"start":{"line":208,"column":24},"end":{"line":208,"column":35}},{"start":{"line":208,"column":39},"end":{"line":208,"column":53}},{"start":{"line":209,"column":14},"end":{"line":209,"column":67}}],"line":208},"30":{"loc":{"start":{"line":213,"column":11},"end":{"line":222,"column":18}},"type":"cond-expr","locations":[{"start":{"line":214,"column":12},"end":{"line":217,"column":18}},{"start":{"line":218,"column":14},"end":{"line":222,"column":18}}],"line":213},"31":{"loc":{"start":{"line":218,"column":14},"end":{"line":222,"column":18}},"type":"cond-expr","locations":[{"start":{"line":219,"column":12},"end":{"line":221,"column":18}},{"start":{"line":222,"column":14},"end":{"line":222,"column":18}}],"line":218}},"s":{"0":0,"1":0,"2":0,"3":0,"4":0,"5":0,"6":0,"7":0,"8":0,"9":0,"10":0,"11":0,"12":0,"13":0,"14":0,"15":0,"16":0,"17":0,"18":0,"19":0,"20":0,"21":0,"22":0,"23":0,"24":0,"25":0,"26":0,"27":0},"f":{"0":0,"1":0,"2":0,"3":0,"4":0},"b":{"0":[0],"1":[0],"2":[0],"3":[0],"4":[0],"5":[0],"6":[0,0],"7":[0,0],"8":[0,0],"9":[0,0],"10":[0,0],"11":[0,0],"12":[0,0],"13":[0,0],"14":[0,0],"15":[0,0],"16":[0,0],"17":[0,0],"18":[0,0],"19":[0,0],"20":[0,0,0],"21":[0,0],"22":[0,0],"23":[0,0],"24":[0,0],"25":[0,0],"26":[0,0],"27":[0,0,0,0],"28":[0,0],"29":[0,0,0,0],"30":[0,0],"31":[0,0]}}
,"/Users/me-mac/Downloads/t-design-system/tagaddod-design-system/packages/react/src/components/TextInput/index.ts": {"path":"/Users/me-mac/Downloads/t-design-system/tagaddod-design-system/packages/react/src/components/TextInput/index.ts","statementMap":{},"fnMap":{},"branchMap":{},"s":{},"f":{},"b":{}}
}
